{"/home/xunlin/learn/0xunlin/SoB/week-3-task/2026-developer-challenge-3-sherlock-0xunLin/analyzer.js": {"path":"/home/xunlin/learn/0xunlin/SoB/week-3-task/2026-developer-challenge-3-sherlock-0xunLin/analyzer.js","statementMap":{"0":{"start":{"line":2,"column":22},"end":{"line":8,"column":5}},"1":{"start":{"line":10,"column":25},"end":{"line":10,"column":27}},"2":{"start":{"line":12,"column":4},"end":{"line":352,"column":5}},"3":{"start":{"line":13,"column":29},"end":{"line":20,"column":9}},"4":{"start":{"line":22,"column":29},"end":{"line":22,"column":31}},"5":{"start":{"line":24,"column":8},"end":{"line":336,"column":9}},"6":{"start":{"line":25,"column":12},"end":{"line":25,"column":52}},"7":{"start":{"line":27,"column":12},"end":{"line":27,"column":63}},"8":{"start":{"line":28,"column":12},"end":{"line":28,"column":61}},"9":{"start":{"line":29,"column":12},"end":{"line":29,"column":56}},"10":{"start":{"line":30,"column":12},"end":{"line":30,"column":56}},"11":{"start":{"line":31,"column":12},"end":{"line":31,"column":68}},"12":{"start":{"line":32,"column":12},"end":{"line":32,"column":66}},"13":{"start":{"line":33,"column":12},"end":{"line":33,"column":68}},"14":{"start":{"line":34,"column":12},"end":{"line":34,"column":68}},"15":{"start":{"line":35,"column":12},"end":{"line":35,"column":70}},"16":{"start":{"line":37,"column":12},"end":{"line":37,"column":60}},"17":{"start":{"line":38,"column":12},"end":{"line":38,"column":58}},"18":{"start":{"line":39,"column":12},"end":{"line":39,"column":53}},"19":{"start":{"line":40,"column":12},"end":{"line":40,"column":53}},"20":{"start":{"line":41,"column":12},"end":{"line":41,"column":65}},"21":{"start":{"line":42,"column":12},"end":{"line":42,"column":63}},"22":{"start":{"line":43,"column":12},"end":{"line":43,"column":65}},"23":{"start":{"line":44,"column":12},"end":{"line":44,"column":65}},"24":{"start":{"line":45,"column":12},"end":{"line":45,"column":67}},"25":{"start":{"line":48,"column":12},"end":{"line":52,"column":13}},"26":{"start":{"line":49,"column":29},"end":{"line":49,"column":44}},"27":{"start":{"line":50,"column":16},"end":{"line":50,"column":117}},"28":{"start":{"line":51,"column":16},"end":{"line":51,"column":111}},"29":{"start":{"line":53,"column":12},"end":{"line":69,"column":13}},"30":{"start":{"line":53,"column":53},"end":{"line":53,"column":62}},"31":{"start":{"line":54,"column":30},"end":{"line":54,"column":31}},"32":{"start":{"line":55,"column":16},"end":{"line":60,"column":17}},"33":{"start":{"line":56,"column":20},"end":{"line":56,"column":49}},"34":{"start":{"line":57,"column":33},"end":{"line":57,"column":55}},"35":{"start":{"line":58,"column":20},"end":{"line":58,"column":121}},"36":{"start":{"line":59,"column":20},"end":{"line":59,"column":115}},"37":{"start":{"line":61,"column":31},"end":{"line":61,"column":32}},"38":{"start":{"line":62,"column":16},"end":{"line":62,"column":68}},"39":{"start":{"line":62,"column":45},"end":{"line":62,"column":68}},"40":{"start":{"line":63,"column":32},"end":{"line":63,"column":50}},"41":{"start":{"line":64,"column":32},"end":{"line":64,"column":51}},"42":{"start":{"line":65,"column":16},"end":{"line":68,"column":17}},"43":{"start":{"line":66,"column":20},"end":{"line":66,"column":57}},"44":{"start":{"line":67,"column":20},"end":{"line":67,"column":54}},"45":{"start":{"line":72,"column":31},"end":{"line":72,"column":33}},"46":{"start":{"line":73,"column":28},"end":{"line":73,"column":33}},"47":{"start":{"line":76,"column":33},"end":{"line":76,"column":69}},"48":{"start":{"line":77,"column":12},"end":{"line":86,"column":13}},"49":{"start":{"line":78,"column":35},"end":{"line":78,"column":49}},"50":{"start":{"line":79,"column":37},"end":{"line":79,"column":45}},"51":{"start":{"line":80,"column":16},"end":{"line":81,"column":66}},"52":{"start":{"line":80,"column":38},"end":{"line":80,"column":67}},"53":{"start":{"line":81,"column":21},"end":{"line":81,"column":66}},"54":{"start":{"line":81,"column":42},"end":{"line":81,"column":66}},"55":{"start":{"line":82,"column":16},"end":{"line":82,"column":106}},"56":{"start":{"line":83,"column":16},"end":{"line":83,"column":33}},"57":{"start":{"line":85,"column":16},"end":{"line":85,"column":54}},"58":{"start":{"line":89,"column":33},"end":{"line":89,"column":38}},"59":{"start":{"line":90,"column":29},"end":{"line":90,"column":48}},"60":{"start":{"line":91,"column":12},"end":{"line":127,"column":13}},"61":{"start":{"line":92,"column":32},"end":{"line":92,"column":118}},"62":{"start":{"line":92,"column":59},"end":{"line":92,"column":82}},"63":{"start":{"line":92,"column":96},"end":{"line":92,"column":116}},"64":{"start":{"line":93,"column":16},"end":{"line":105,"column":17}},"65":{"start":{"line":94,"column":35},"end":{"line":94,"column":50}},"66":{"start":{"line":95,"column":39},"end":{"line":95,"column":131}},"67":{"start":{"line":95,"column":69},"end":{"line":95,"column":108}},"68":{"start":{"line":95,"column":122},"end":{"line":95,"column":130}},"69":{"start":{"line":96,"column":20},"end":{"line":104,"column":21}},"70":{"start":{"line":97,"column":24},"end":{"line":102,"column":26}},"71":{"start":{"line":103,"column":24},"end":{"line":103,"column":46}},"72":{"start":{"line":106,"column":16},"end":{"line":117,"column":17}},"73":{"start":{"line":107,"column":44},"end":{"line":107,"column":134}},"74":{"start":{"line":107,"column":74},"end":{"line":107,"column":111}},"75":{"start":{"line":107,"column":125},"end":{"line":107,"column":133}},"76":{"start":{"line":108,"column":20},"end":{"line":116,"column":21}},"77":{"start":{"line":109,"column":24},"end":{"line":114,"column":26}},"78":{"start":{"line":115,"column":24},"end":{"line":115,"column":46}},"79":{"start":{"line":118,"column":16},"end":{"line":126,"column":17}},"80":{"start":{"line":119,"column":20},"end":{"line":124,"column":22}},"81":{"start":{"line":125,"column":20},"end":{"line":125,"column":42}},"82":{"start":{"line":128,"column":12},"end":{"line":128,"column":53}},"83":{"start":{"line":129,"column":12},"end":{"line":129,"column":49}},"84":{"start":{"line":129,"column":32},"end":{"line":129,"column":49}},"85":{"start":{"line":132,"column":42},"end":{"line":132,"column":103}},"86":{"start":{"line":133,"column":12},"end":{"line":142,"column":13}},"87":{"start":{"line":134,"column":30},"end":{"line":134,"column":62}},"88":{"start":{"line":135,"column":39},"end":{"line":135,"column":47}},"89":{"start":{"line":136,"column":16},"end":{"line":137,"column":63}},"90":{"start":{"line":136,"column":33},"end":{"line":136,"column":64}},"91":{"start":{"line":137,"column":21},"end":{"line":137,"column":63}},"92":{"start":{"line":137,"column":37},"end":{"line":137,"column":63}},"93":{"start":{"line":138,"column":16},"end":{"line":138,"column":152}},"94":{"start":{"line":139,"column":16},"end":{"line":139,"column":33}},"95":{"start":{"line":141,"column":16},"end":{"line":141,"column":63}},"96":{"start":{"line":145,"column":39},"end":{"line":145,"column":44}},"97":{"start":{"line":146,"column":30},"end":{"line":146,"column":31}},"98":{"start":{"line":147,"column":12},"end":{"line":155,"column":13}},"99":{"start":{"line":148,"column":34},"end":{"line":148,"column":154}},"100":{"start":{"line":148,"column":61},"end":{"line":148,"column":136}},"101":{"start":{"line":149,"column":16},"end":{"line":154,"column":17}},"102":{"start":{"line":150,"column":20},"end":{"line":153,"column":21}},"103":{"start":{"line":151,"column":24},"end":{"line":151,"column":52}},"104":{"start":{"line":152,"column":24},"end":{"line":152,"column":38}},"105":{"start":{"line":156,"column":12},"end":{"line":161,"column":13}},"106":{"start":{"line":157,"column":16},"end":{"line":157,"column":112}},"107":{"start":{"line":158,"column":16},"end":{"line":158,"column":33}},"108":{"start":{"line":160,"column":16},"end":{"line":160,"column":63}},"109":{"start":{"line":164,"column":38},"end":{"line":164,"column":43}},"110":{"start":{"line":165,"column":33},"end":{"line":165,"column":35}},"111":{"start":{"line":166,"column":12},"end":{"line":173,"column":13}},"112":{"start":{"line":167,"column":16},"end":{"line":172,"column":19}},"113":{"start":{"line":168,"column":20},"end":{"line":171,"column":21}},"114":{"start":{"line":169,"column":24},"end":{"line":169,"column":51}},"115":{"start":{"line":170,"column":24},"end":{"line":170,"column":47}},"116":{"start":{"line":174,"column":12},"end":{"line":180,"column":13}},"117":{"start":{"line":175,"column":36},"end":{"line":175,"column":101}},"118":{"start":{"line":175,"column":60},"end":{"line":175,"column":100}},"119":{"start":{"line":176,"column":16},"end":{"line":176,"column":143}},"120":{"start":{"line":177,"column":16},"end":{"line":177,"column":33}},"121":{"start":{"line":179,"column":16},"end":{"line":179,"column":70}},"122":{"start":{"line":183,"column":35},"end":{"line":183,"column":40}},"123":{"start":{"line":184,"column":31},"end":{"line":184,"column":50}},"124":{"start":{"line":185,"column":12},"end":{"line":205,"column":13}},"125":{"start":{"line":186,"column":36},"end":{"line":186,"column":38}},"126":{"start":{"line":187,"column":16},"end":{"line":189,"column":17}},"127":{"start":{"line":188,"column":20},"end":{"line":188,"column":81}},"128":{"start":{"line":191,"column":31},"end":{"line":191,"column":32}},"129":{"start":{"line":192,"column":16},"end":{"line":194,"column":17}},"130":{"start":{"line":193,"column":20},"end":{"line":193,"column":59}},"131":{"start":{"line":193,"column":42},"end":{"line":193,"column":59}},"132":{"start":{"line":197,"column":16},"end":{"line":204,"column":17}},"133":{"start":{"line":198,"column":20},"end":{"line":198,"column":44}},"134":{"start":{"line":199,"column":20},"end":{"line":203,"column":22}},"135":{"start":{"line":206,"column":12},"end":{"line":206,"column":47}},"136":{"start":{"line":207,"column":12},"end":{"line":207,"column":51}},"137":{"start":{"line":207,"column":34},"end":{"line":207,"column":51}},"138":{"start":{"line":210,"column":35},"end":{"line":210,"column":40}},"139":{"start":{"line":211,"column":31},"end":{"line":211,"column":50}},"140":{"start":{"line":212,"column":12},"end":{"line":228,"column":13}},"141":{"start":{"line":213,"column":40},"end":{"line":213,"column":42}},"142":{"start":{"line":214,"column":16},"end":{"line":218,"column":19}},"143":{"start":{"line":215,"column":20},"end":{"line":217,"column":21}},"144":{"start":{"line":216,"column":24},"end":{"line":216,"column":52}},"145":{"start":{"line":220,"column":16},"end":{"line":227,"column":17}},"146":{"start":{"line":221,"column":20},"end":{"line":221,"column":44}},"147":{"start":{"line":222,"column":20},"end":{"line":226,"column":22}},"148":{"start":{"line":229,"column":12},"end":{"line":229,"column":48}},"149":{"start":{"line":230,"column":12},"end":{"line":230,"column":51}},"150":{"start":{"line":230,"column":34},"end":{"line":230,"column":51}},"151":{"start":{"line":233,"column":39},"end":{"line":233,"column":44}},"152":{"start":{"line":234,"column":35},"end":{"line":234,"column":54}},"153":{"start":{"line":235,"column":12},"end":{"line":249,"column":13}},"154":{"start":{"line":236,"column":32},"end":{"line":236,"column":118}},"155":{"start":{"line":236,"column":59},"end":{"line":236,"column":82}},"156":{"start":{"line":236,"column":96},"end":{"line":236,"column":116}},"157":{"start":{"line":237,"column":16},"end":{"line":248,"column":17}},"158":{"start":{"line":238,"column":35},"end":{"line":238,"column":50}},"159":{"start":{"line":239,"column":41},"end":{"line":239,"column":126}},"160":{"start":{"line":239,"column":64},"end":{"line":239,"column":125}},"161":{"start":{"line":240,"column":46},"end":{"line":240,"column":66}},"162":{"start":{"line":241,"column":20},"end":{"line":247,"column":21}},"163":{"start":{"line":242,"column":24},"end":{"line":242,"column":52}},"164":{"start":{"line":243,"column":24},"end":{"line":243,"column":103}},"165":{"start":{"line":244,"column":27},"end":{"line":247,"column":21}},"166":{"start":{"line":245,"column":24},"end":{"line":245,"column":52}},"167":{"start":{"line":246,"column":24},"end":{"line":246,"column":105}},"168":{"start":{"line":250,"column":12},"end":{"line":250,"column":56}},"169":{"start":{"line":251,"column":12},"end":{"line":251,"column":55}},"170":{"start":{"line":251,"column":38},"end":{"line":251,"column":55}},"171":{"start":{"line":254,"column":39},"end":{"line":254,"column":44}},"172":{"start":{"line":255,"column":35},"end":{"line":255,"column":54}},"173":{"start":{"line":256,"column":12},"end":{"line":272,"column":13}},"174":{"start":{"line":257,"column":31},"end":{"line":257,"column":60}},"175":{"start":{"line":258,"column":27},"end":{"line":258,"column":44}},"176":{"start":{"line":259,"column":27},"end":{"line":259,"column":44}},"177":{"start":{"line":260,"column":29},"end":{"line":260,"column":45}},"178":{"start":{"line":261,"column":29},"end":{"line":261,"column":45}},"179":{"start":{"line":262,"column":16},"end":{"line":271,"column":17}},"180":{"start":{"line":263,"column":20},"end":{"line":263,"column":48}},"181":{"start":{"line":264,"column":38},"end":{"line":264,"column":53}},"182":{"start":{"line":265,"column":40},"end":{"line":265,"column":81}},"183":{"start":{"line":266,"column":20},"end":{"line":270,"column":22}},"184":{"start":{"line":273,"column":12},"end":{"line":273,"column":56}},"185":{"start":{"line":274,"column":12},"end":{"line":274,"column":55}},"186":{"start":{"line":274,"column":38},"end":{"line":274,"column":55}},"187":{"start":{"line":276,"column":12},"end":{"line":279,"column":13}},"188":{"start":{"line":277,"column":16},"end":{"line":277,"column":49}},"189":{"start":{"line":278,"column":16},"end":{"line":278,"column":52}},"190":{"start":{"line":282,"column":33},"end":{"line":282,"column":42}},"191":{"start":{"line":283,"column":12},"end":{"line":299,"column":13}},"192":{"start":{"line":284,"column":16},"end":{"line":284,"column":49}},"193":{"start":{"line":285,"column":19},"end":{"line":299,"column":13}},"194":{"start":{"line":286,"column":16},"end":{"line":298,"column":17}},"195":{"start":{"line":287,"column":20},"end":{"line":287,"column":48}},"196":{"start":{"line":288,"column":23},"end":{"line":298,"column":17}},"197":{"start":{"line":289,"column":20},"end":{"line":289,"column":53}},"198":{"start":{"line":290,"column":23},"end":{"line":298,"column":17}},"199":{"start":{"line":291,"column":20},"end":{"line":291,"column":53}},"200":{"start":{"line":292,"column":23},"end":{"line":298,"column":17}},"201":{"start":{"line":293,"column":20},"end":{"line":293,"column":53}},"202":{"start":{"line":294,"column":23},"end":{"line":298,"column":17}},"203":{"start":{"line":295,"column":20},"end":{"line":295,"column":54}},"204":{"start":{"line":296,"column":23},"end":{"line":298,"column":17}},"205":{"start":{"line":297,"column":20},"end":{"line":297,"column":54}},"206":{"start":{"line":300,"column":25},"end":{"line":300,"column":27}},"207":{"start":{"line":301,"column":26},"end":{"line":301,"column":28}},"208":{"start":{"line":302,"column":30},"end":{"line":302,"column":112}},"209":{"start":{"line":303,"column":12},"end":{"line":316,"column":13}},"210":{"start":{"line":304,"column":16},"end":{"line":311,"column":17}},"211":{"start":{"line":305,"column":20},"end":{"line":308,"column":24}},"212":{"start":{"line":305,"column":49},"end":{"line":308,"column":21}},"213":{"start":{"line":310,"column":20},"end":{"line":310,"column":68}},"214":{"start":{"line":312,"column":16},"end":{"line":315,"column":20}},"215":{"start":{"line":312,"column":48},"end":{"line":315,"column":17}},"216":{"start":{"line":318,"column":12},"end":{"line":335,"column":15}},"217":{"start":{"line":338,"column":8},"end":{"line":351,"column":11}},"218":{"start":{"line":354,"column":40},"end":{"line":354,"column":49}},"219":{"start":{"line":355,"column":27},"end":{"line":359,"column":5}},"220":{"start":{"line":361,"column":4},"end":{"line":364,"column":6}},"221":{"start":{"line":368,"column":4},"end":{"line":368,"column":100}},"222":{"start":{"line":368,"column":26},"end":{"line":368,"column":100}},"223":{"start":{"line":369,"column":4},"end":{"line":369,"column":30}},"224":{"start":{"line":369,"column":23},"end":{"line":369,"column":28}},"225":{"start":{"line":370,"column":16},"end":{"line":370,"column":22}},"226":{"start":{"line":371,"column":16},"end":{"line":371,"column":35}},"227":{"start":{"line":372,"column":19},"end":{"line":372,"column":127}},"228":{"start":{"line":373,"column":17},"end":{"line":373,"column":60}},"229":{"start":{"line":373,"column":38},"end":{"line":373,"column":43}},"230":{"start":{"line":374,"column":4},"end":{"line":379,"column":6}},"231":{"start":{"line":382,"column":0},"end":{"line":382,"column":35}}},"fnMap":{"0":{"name":"analyzeBlocks","decl":{"start":{"line":1,"column":9},"end":{"line":1,"column":22}},"loc":{"start":{"line":1,"column":31},"end":{"line":365,"column":1}},"line":1},"1":{"name":"(anonymous_1)","decl":{"start":{"line":53,"column":48},"end":{"line":53,"column":49}},"loc":{"start":{"line":53,"column":53},"end":{"line":53,"column":62}},"line":53},"2":{"name":"(anonymous_2)","decl":{"start":{"line":92,"column":52},"end":{"line":92,"column":53}},"loc":{"start":{"line":92,"column":59},"end":{"line":92,"column":82}},"line":92},"3":{"name":"(anonymous_3)","decl":{"start":{"line":92,"column":91},"end":{"line":92,"column":92}},"loc":{"start":{"line":92,"column":96},"end":{"line":92,"column":116}},"line":92},"4":{"name":"(anonymous_4)","decl":{"start":{"line":95,"column":52},"end":{"line":95,"column":53}},"loc":{"start":{"line":95,"column":69},"end":{"line":95,"column":108}},"line":95},"5":{"name":"(anonymous_5)","decl":{"start":{"line":95,"column":117},"end":{"line":95,"column":118}},"loc":{"start":{"line":95,"column":122},"end":{"line":95,"column":130}},"line":95},"6":{"name":"(anonymous_6)","decl":{"start":{"line":107,"column":57},"end":{"line":107,"column":58}},"loc":{"start":{"line":107,"column":74},"end":{"line":107,"column":111}},"line":107},"7":{"name":"(anonymous_7)","decl":{"start":{"line":107,"column":120},"end":{"line":107,"column":121}},"loc":{"start":{"line":107,"column":125},"end":{"line":107,"column":133}},"line":107},"8":{"name":"(anonymous_8)","decl":{"start":{"line":148,"column":54},"end":{"line":148,"column":55}},"loc":{"start":{"line":148,"column":61},"end":{"line":148,"column":136}},"line":148},"9":{"name":"(anonymous_9)","decl":{"start":{"line":167,"column":33},"end":{"line":167,"column":34}},"loc":{"start":{"line":167,"column":48},"end":{"line":172,"column":17}},"line":167},"10":{"name":"(anonymous_10)","decl":{"start":{"line":175,"column":50},"end":{"line":175,"column":51}},"loc":{"start":{"line":175,"column":60},"end":{"line":175,"column":100}},"line":175},"11":{"name":"(anonymous_11)","decl":{"start":{"line":214,"column":33},"end":{"line":214,"column":34}},"loc":{"start":{"line":214,"column":50},"end":{"line":218,"column":17}},"line":214},"12":{"name":"(anonymous_12)","decl":{"start":{"line":236,"column":52},"end":{"line":236,"column":53}},"loc":{"start":{"line":236,"column":59},"end":{"line":236,"column":82}},"line":236},"13":{"name":"(anonymous_13)","decl":{"start":{"line":236,"column":91},"end":{"line":236,"column":92}},"loc":{"start":{"line":236,"column":96},"end":{"line":236,"column":116}},"line":236},"14":{"name":"(anonymous_14)","decl":{"start":{"line":239,"column":56},"end":{"line":239,"column":57}},"loc":{"start":{"line":239,"column":64},"end":{"line":239,"column":125}},"line":239},"15":{"name":"(anonymous_15)","decl":{"start":{"line":305,"column":41},"end":{"line":305,"column":42}},"loc":{"start":{"line":305,"column":49},"end":{"line":308,"column":21}},"line":305},"16":{"name":"(anonymous_16)","decl":{"start":{"line":312,"column":39},"end":{"line":312,"column":40}},"loc":{"start":{"line":312,"column":48},"end":{"line":315,"column":17}},"line":312},"17":{"name":"computeStats","decl":{"start":{"line":367,"column":9},"end":{"line":367,"column":21}},"loc":{"start":{"line":367,"column":27},"end":{"line":380,"column":1}},"line":367},"18":{"name":"(anonymous_18)","decl":{"start":{"line":369,"column":13},"end":{"line":369,"column":14}},"loc":{"start":{"line":369,"column":23},"end":{"line":369,"column":28}},"line":369},"19":{"name":"(anonymous_19)","decl":{"start":{"line":373,"column":28},"end":{"line":373,"column":29}},"loc":{"start":{"line":373,"column":38},"end":{"line":373,"column":43}},"line":373}},"branchMap":{"0":{"loc":{"start":{"line":50,"column":63},"end":{"line":50,"column":111}},"type":"binary-expr","locations":[{"start":{"line":50,"column":63},"end":{"line":50,"column":106}},{"start":{"line":50,"column":110},"end":{"line":50,"column":111}}],"line":50},"1":{"loc":{"start":{"line":51,"column":60},"end":{"line":51,"column":105}},"type":"binary-expr","locations":[{"start":{"line":51,"column":60},"end":{"line":51,"column":100}},{"start":{"line":51,"column":104},"end":{"line":51,"column":105}}],"line":51},"2":{"loc":{"start":{"line":53,"column":12},"end":{"line":69,"column":13}},"type":"if","locations":[{"start":{"line":53,"column":12},"end":{"line":69,"column":13}},{"start":{},"end":{}}],"line":53},"3":{"loc":{"start":{"line":53,"column":16},"end":{"line":53,"column":63}},"type":"binary-expr","locations":[{"start":{"line":53,"column":16},"end":{"line":53,"column":30}},{"start":{"line":53,"column":34},"end":{"line":53,"column":63}}],"line":53},"4":{"loc":{"start":{"line":58,"column":67},"end":{"line":58,"column":115}},"type":"binary-expr","locations":[{"start":{"line":58,"column":67},"end":{"line":58,"column":110}},{"start":{"line":58,"column":114},"end":{"line":58,"column":115}}],"line":58},"5":{"loc":{"start":{"line":59,"column":64},"end":{"line":59,"column":109}},"type":"binary-expr","locations":[{"start":{"line":59,"column":64},"end":{"line":59,"column":104}},{"start":{"line":59,"column":108},"end":{"line":59,"column":109}}],"line":59},"6":{"loc":{"start":{"line":65,"column":16},"end":{"line":68,"column":17}},"type":"if","locations":[{"start":{"line":65,"column":16},"end":{"line":68,"column":17}},{"start":{},"end":{}}],"line":65},"7":{"loc":{"start":{"line":76,"column":33},"end":{"line":76,"column":69}},"type":"binary-expr","locations":[{"start":{"line":76,"column":33},"end":{"line":76,"column":51}},{"start":{"line":76,"column":55},"end":{"line":76,"column":69}}],"line":76},"8":{"loc":{"start":{"line":77,"column":12},"end":{"line":86,"column":13}},"type":"if","locations":[{"start":{"line":77,"column":12},"end":{"line":86,"column":13}},{"start":{"line":84,"column":19},"end":{"line":86,"column":13}}],"line":77},"9":{"loc":{"start":{"line":80,"column":16},"end":{"line":81,"column":66}},"type":"if","locations":[{"start":{"line":80,"column":16},"end":{"line":81,"column":66}},{"start":{"line":81,"column":21},"end":{"line":81,"column":66}}],"line":80},"10":{"loc":{"start":{"line":81,"column":21},"end":{"line":81,"column":66}},"type":"if","locations":[{"start":{"line":81,"column":21},"end":{"line":81,"column":66}},{"start":{},"end":{}}],"line":81},"11":{"loc":{"start":{"line":91,"column":12},"end":{"line":127,"column":13}},"type":"if","locations":[{"start":{"line":91,"column":12},"end":{"line":127,"column":13}},{"start":{},"end":{}}],"line":91},"12":{"loc":{"start":{"line":91,"column":16},"end":{"line":91,"column":54}},"type":"binary-expr","locations":[{"start":{"line":91,"column":16},"end":{"line":91,"column":30}},{"start":{"line":91,"column":34},"end":{"line":91,"column":54}}],"line":91},"13":{"loc":{"start":{"line":92,"column":96},"end":{"line":92,"column":116}},"type":"binary-expr","locations":[{"start":{"line":92,"column":96},"end":{"line":92,"column":97}},{"start":{"line":92,"column":101},"end":{"line":92,"column":116}}],"line":92},"14":{"loc":{"start":{"line":93,"column":16},"end":{"line":105,"column":17}},"type":"if","locations":[{"start":{"line":93,"column":16},"end":{"line":105,"column":17}},{"start":{},"end":{}}],"line":93},"15":{"loc":{"start":{"line":95,"column":69},"end":{"line":95,"column":108}},"type":"cond-expr","locations":[{"start":{"line":95,"column":98},"end":{"line":95,"column":103}},{"start":{"line":95,"column":106},"end":{"line":95,"column":108}}],"line":95},"16":{"loc":{"start":{"line":96,"column":20},"end":{"line":104,"column":21}},"type":"if","locations":[{"start":{"line":96,"column":20},"end":{"line":104,"column":21}},{"start":{},"end":{}}],"line":96},"17":{"loc":{"start":{"line":106,"column":16},"end":{"line":117,"column":17}},"type":"if","locations":[{"start":{"line":106,"column":16},"end":{"line":117,"column":17}},{"start":{},"end":{}}],"line":106},"18":{"loc":{"start":{"line":106,"column":20},"end":{"line":106,"column":60}},"type":"binary-expr","locations":[{"start":{"line":106,"column":20},"end":{"line":106,"column":35}},{"start":{"line":106,"column":39},"end":{"line":106,"column":60}}],"line":106},"19":{"loc":{"start":{"line":107,"column":74},"end":{"line":107,"column":111}},"type":"cond-expr","locations":[{"start":{"line":107,"column":101},"end":{"line":107,"column":106}},{"start":{"line":107,"column":109},"end":{"line":107,"column":111}}],"line":107},"20":{"loc":{"start":{"line":108,"column":20},"end":{"line":116,"column":21}},"type":"if","locations":[{"start":{"line":108,"column":20},"end":{"line":116,"column":21}},{"start":{},"end":{}}],"line":108},"21":{"loc":{"start":{"line":108,"column":24},"end":{"line":108,"column":108}},"type":"binary-expr","locations":[{"start":{"line":108,"column":24},"end":{"line":108,"column":52}},{"start":{"line":108,"column":56},"end":{"line":108,"column":108}}],"line":108},"22":{"loc":{"start":{"line":118,"column":16},"end":{"line":126,"column":17}},"type":"if","locations":[{"start":{"line":118,"column":16},"end":{"line":126,"column":17}},{"start":{},"end":{}}],"line":118},"23":{"loc":{"start":{"line":118,"column":20},"end":{"line":118,"column":103}},"type":"binary-expr","locations":[{"start":{"line":118,"column":20},"end":{"line":118,"column":35}},{"start":{"line":118,"column":39},"end":{"line":118,"column":60}},{"start":{"line":118,"column":64},"end":{"line":118,"column":103}}],"line":118},"24":{"loc":{"start":{"line":121,"column":45},"end":{"line":121,"column":90}},"type":"cond-expr","locations":[{"start":{"line":121,"column":85},"end":{"line":121,"column":86}},{"start":{"line":121,"column":89},"end":{"line":121,"column":90}}],"line":121},"25":{"loc":{"start":{"line":129,"column":12},"end":{"line":129,"column":49}},"type":"if","locations":[{"start":{"line":129,"column":12},"end":{"line":129,"column":49}},{"start":{},"end":{}}],"line":129},"26":{"loc":{"start":{"line":132,"column":42},"end":{"line":132,"column":103}},"type":"binary-expr","locations":[{"start":{"line":132,"column":42},"end":{"line":132,"column":61}},{"start":{"line":132,"column":65},"end":{"line":132,"column":85}},{"start":{"line":132,"column":89},"end":{"line":132,"column":103}}],"line":132},"27":{"loc":{"start":{"line":133,"column":12},"end":{"line":142,"column":13}},"type":"if","locations":[{"start":{"line":133,"column":12},"end":{"line":142,"column":13}},{"start":{"line":140,"column":19},"end":{"line":142,"column":13}}],"line":133},"28":{"loc":{"start":{"line":136,"column":16},"end":{"line":137,"column":63}},"type":"if","locations":[{"start":{"line":136,"column":16},"end":{"line":137,"column":63}},{"start":{"line":137,"column":21},"end":{"line":137,"column":63}}],"line":136},"29":{"loc":{"start":{"line":137,"column":21},"end":{"line":137,"column":63}},"type":"if","locations":[{"start":{"line":137,"column":21},"end":{"line":137,"column":63}},{"start":{},"end":{}}],"line":137},"30":{"loc":{"start":{"line":147,"column":12},"end":{"line":155,"column":13}},"type":"if","locations":[{"start":{"line":147,"column":12},"end":{"line":155,"column":13}},{"start":{},"end":{}}],"line":147},"31":{"loc":{"start":{"line":148,"column":61},"end":{"line":148,"column":136}},"type":"cond-expr","locations":[{"start":{"line":148,"column":89},"end":{"line":148,"column":129}},{"start":{"line":148,"column":132},"end":{"line":148,"column":136}}],"line":148},"32":{"loc":{"start":{"line":150,"column":20},"end":{"line":153,"column":21}},"type":"if","locations":[{"start":{"line":150,"column":20},"end":{"line":153,"column":21}},{"start":{},"end":{}}],"line":150},"33":{"loc":{"start":{"line":156,"column":12},"end":{"line":161,"column":13}},"type":"if","locations":[{"start":{"line":156,"column":12},"end":{"line":161,"column":13}},{"start":{"line":159,"column":19},"end":{"line":161,"column":13}}],"line":156},"34":{"loc":{"start":{"line":166,"column":12},"end":{"line":173,"column":13}},"type":"if","locations":[{"start":{"line":166,"column":12},"end":{"line":173,"column":13}},{"start":{},"end":{}}],"line":166},"35":{"loc":{"start":{"line":168,"column":20},"end":{"line":171,"column":21}},"type":"if","locations":[{"start":{"line":168,"column":20},"end":{"line":171,"column":21}},{"start":{},"end":{}}],"line":168},"36":{"loc":{"start":{"line":168,"column":24},"end":{"line":168,"column":67}},"type":"binary-expr","locations":[{"start":{"line":168,"column":24},"end":{"line":168,"column":38}},{"start":{"line":168,"column":42},"end":{"line":168,"column":67}}],"line":168},"37":{"loc":{"start":{"line":174,"column":12},"end":{"line":180,"column":13}},"type":"if","locations":[{"start":{"line":174,"column":12},"end":{"line":180,"column":13}},{"start":{"line":178,"column":19},"end":{"line":180,"column":13}}],"line":174},"38":{"loc":{"start":{"line":175,"column":60},"end":{"line":175,"column":100}},"type":"binary-expr","locations":[{"start":{"line":175,"column":60},"end":{"line":175,"column":71}},{"start":{"line":175,"column":75},"end":{"line":175,"column":100}}],"line":175},"39":{"loc":{"start":{"line":176,"column":109},"end":{"line":176,"column":140}},"type":"cond-expr","locations":[{"start":{"line":176,"column":123},"end":{"line":176,"column":129}},{"start":{"line":176,"column":132},"end":{"line":176,"column":140}}],"line":176},"40":{"loc":{"start":{"line":185,"column":12},"end":{"line":205,"column":13}},"type":"if","locations":[{"start":{"line":185,"column":12},"end":{"line":205,"column":13}},{"start":{},"end":{}}],"line":185},"41":{"loc":{"start":{"line":185,"column":16},"end":{"line":185,"column":77}},"type":"binary-expr","locations":[{"start":{"line":185,"column":16},"end":{"line":185,"column":30}},{"start":{"line":185,"column":34},"end":{"line":185,"column":54}},{"start":{"line":185,"column":58},"end":{"line":185,"column":77}}],"line":185},"42":{"loc":{"start":{"line":188,"column":47},"end":{"line":188,"column":75}},"type":"binary-expr","locations":[{"start":{"line":188,"column":47},"end":{"line":188,"column":70}},{"start":{"line":188,"column":74},"end":{"line":188,"column":75}}],"line":188},"43":{"loc":{"start":{"line":193,"column":20},"end":{"line":193,"column":59}},"type":"if","locations":[{"start":{"line":193,"column":20},"end":{"line":193,"column":59}},{"start":{},"end":{}}],"line":193},"44":{"loc":{"start":{"line":197,"column":16},"end":{"line":204,"column":17}},"type":"if","locations":[{"start":{"line":197,"column":16},"end":{"line":204,"column":17}},{"start":{},"end":{}}],"line":197},"45":{"loc":{"start":{"line":207,"column":12},"end":{"line":207,"column":51}},"type":"if","locations":[{"start":{"line":207,"column":12},"end":{"line":207,"column":51}},{"start":{},"end":{}}],"line":207},"46":{"loc":{"start":{"line":212,"column":12},"end":{"line":228,"column":13}},"type":"if","locations":[{"start":{"line":212,"column":12},"end":{"line":228,"column":13}},{"start":{},"end":{}}],"line":212},"47":{"loc":{"start":{"line":215,"column":20},"end":{"line":217,"column":21}},"type":"if","locations":[{"start":{"line":215,"column":20},"end":{"line":217,"column":21}},{"start":{},"end":{}}],"line":215},"48":{"loc":{"start":{"line":220,"column":16},"end":{"line":227,"column":17}},"type":"if","locations":[{"start":{"line":220,"column":16},"end":{"line":227,"column":17}},{"start":{},"end":{}}],"line":220},"49":{"loc":{"start":{"line":230,"column":12},"end":{"line":230,"column":51}},"type":"if","locations":[{"start":{"line":230,"column":12},"end":{"line":230,"column":51}},{"start":{},"end":{}}],"line":230},"50":{"loc":{"start":{"line":235,"column":12},"end":{"line":249,"column":13}},"type":"if","locations":[{"start":{"line":235,"column":12},"end":{"line":249,"column":13}},{"start":{},"end":{}}],"line":235},"51":{"loc":{"start":{"line":235,"column":16},"end":{"line":235,"column":54}},"type":"binary-expr","locations":[{"start":{"line":235,"column":16},"end":{"line":235,"column":30}},{"start":{"line":235,"column":34},"end":{"line":235,"column":54}}],"line":235},"52":{"loc":{"start":{"line":236,"column":96},"end":{"line":236,"column":116}},"type":"binary-expr","locations":[{"start":{"line":236,"column":96},"end":{"line":236,"column":97}},{"start":{"line":236,"column":101},"end":{"line":236,"column":116}}],"line":236},"53":{"loc":{"start":{"line":237,"column":16},"end":{"line":248,"column":17}},"type":"if","locations":[{"start":{"line":237,"column":16},"end":{"line":248,"column":17}},{"start":{},"end":{}}],"line":237},"54":{"loc":{"start":{"line":239,"column":64},"end":{"line":239,"column":125}},"type":"binary-expr","locations":[{"start":{"line":239,"column":64},"end":{"line":239,"column":90}},{"start":{"line":239,"column":94},"end":{"line":239,"column":125}}],"line":239},"55":{"loc":{"start":{"line":241,"column":20},"end":{"line":247,"column":21}},"type":"if","locations":[{"start":{"line":241,"column":20},"end":{"line":247,"column":21}},{"start":{"line":244,"column":27},"end":{"line":247,"column":21}}],"line":241},"56":{"loc":{"start":{"line":241,"column":24},"end":{"line":241,"column":81}},"type":"binary-expr","locations":[{"start":{"line":241,"column":24},"end":{"line":241,"column":36}},{"start":{"line":241,"column":40},"end":{"line":241,"column":57}},{"start":{"line":241,"column":61},"end":{"line":241,"column":81}}],"line":241},"57":{"loc":{"start":{"line":244,"column":27},"end":{"line":247,"column":21}},"type":"if","locations":[{"start":{"line":244,"column":27},"end":{"line":247,"column":21}},{"start":{},"end":{}}],"line":244},"58":{"loc":{"start":{"line":244,"column":31},"end":{"line":244,"column":100}},"type":"binary-expr","locations":[{"start":{"line":244,"column":31},"end":{"line":244,"column":51}},{"start":{"line":244,"column":55},"end":{"line":244,"column":76}},{"start":{"line":244,"column":80},"end":{"line":244,"column":100}}],"line":244},"59":{"loc":{"start":{"line":251,"column":12},"end":{"line":251,"column":55}},"type":"if","locations":[{"start":{"line":251,"column":12},"end":{"line":251,"column":55}},{"start":{},"end":{}}],"line":251},"60":{"loc":{"start":{"line":256,"column":12},"end":{"line":272,"column":13}},"type":"if","locations":[{"start":{"line":256,"column":12},"end":{"line":272,"column":13}},{"start":{},"end":{}}],"line":256},"61":{"loc":{"start":{"line":256,"column":16},"end":{"line":256,"column":101}},"type":"binary-expr","locations":[{"start":{"line":256,"column":16},"end":{"line":256,"column":30}},{"start":{"line":256,"column":34},"end":{"line":256,"column":54}},{"start":{"line":256,"column":58},"end":{"line":256,"column":79}},{"start":{"line":256,"column":83},"end":{"line":256,"column":101}}],"line":256},"62":{"loc":{"start":{"line":262,"column":16},"end":{"line":271,"column":17}},"type":"if","locations":[{"start":{"line":262,"column":16},"end":{"line":271,"column":17}},{"start":{},"end":{}}],"line":262},"63":{"loc":{"start":{"line":262,"column":20},"end":{"line":262,"column":48}},"type":"binary-expr","locations":[{"start":{"line":262,"column":20},"end":{"line":262,"column":28}},{"start":{"line":262,"column":32},"end":{"line":262,"column":48}}],"line":262},"64":{"loc":{"start":{"line":264,"column":38},"end":{"line":264,"column":53}},"type":"cond-expr","locations":[{"start":{"line":264,"column":48},"end":{"line":264,"column":49}},{"start":{"line":264,"column":52},"end":{"line":264,"column":53}}],"line":264},"65":{"loc":{"start":{"line":268,"column":36},"end":{"line":268,"column":67}},"type":"cond-expr","locations":[{"start":{"line":268,"column":50},"end":{"line":268,"column":56}},{"start":{"line":268,"column":59},"end":{"line":268,"column":67}}],"line":268},"66":{"loc":{"start":{"line":274,"column":12},"end":{"line":274,"column":55}},"type":"if","locations":[{"start":{"line":274,"column":12},"end":{"line":274,"column":55}},{"start":{},"end":{}}],"line":274},"67":{"loc":{"start":{"line":276,"column":12},"end":{"line":279,"column":13}},"type":"if","locations":[{"start":{"line":276,"column":12},"end":{"line":279,"column":13}},{"start":{},"end":{}}],"line":276},"68":{"loc":{"start":{"line":283,"column":12},"end":{"line":299,"column":13}},"type":"if","locations":[{"start":{"line":283,"column":12},"end":{"line":299,"column":13}},{"start":{"line":285,"column":19},"end":{"line":299,"column":13}}],"line":283},"69":{"loc":{"start":{"line":285,"column":19},"end":{"line":299,"column":13}},"type":"if","locations":[{"start":{"line":285,"column":19},"end":{"line":299,"column":13}},{"start":{},"end":{}}],"line":285},"70":{"loc":{"start":{"line":286,"column":16},"end":{"line":298,"column":17}},"type":"if","locations":[{"start":{"line":286,"column":16},"end":{"line":298,"column":17}},{"start":{"line":288,"column":23},"end":{"line":298,"column":17}}],"line":286},"71":{"loc":{"start":{"line":288,"column":23},"end":{"line":298,"column":17}},"type":"if","locations":[{"start":{"line":288,"column":23},"end":{"line":298,"column":17}},{"start":{"line":290,"column":23},"end":{"line":298,"column":17}}],"line":288},"72":{"loc":{"start":{"line":288,"column":27},"end":{"line":288,"column":71}},"type":"binary-expr","locations":[{"start":{"line":288,"column":27},"end":{"line":288,"column":47}},{"start":{"line":288,"column":51},"end":{"line":288,"column":71}}],"line":288},"73":{"loc":{"start":{"line":290,"column":23},"end":{"line":298,"column":17}},"type":"if","locations":[{"start":{"line":290,"column":23},"end":{"line":298,"column":17}},{"start":{"line":292,"column":23},"end":{"line":298,"column":17}}],"line":290},"74":{"loc":{"start":{"line":292,"column":23},"end":{"line":298,"column":17}},"type":"if","locations":[{"start":{"line":292,"column":23},"end":{"line":298,"column":17}},{"start":{"line":294,"column":23},"end":{"line":298,"column":17}}],"line":292},"75":{"loc":{"start":{"line":294,"column":23},"end":{"line":298,"column":17}},"type":"if","locations":[{"start":{"line":294,"column":23},"end":{"line":298,"column":17}},{"start":{"line":296,"column":23},"end":{"line":298,"column":17}}],"line":294},"76":{"loc":{"start":{"line":294,"column":27},"end":{"line":294,"column":66}},"type":"binary-expr","locations":[{"start":{"line":294,"column":27},"end":{"line":294,"column":48}},{"start":{"line":294,"column":52},"end":{"line":294,"column":66}}],"line":294},"77":{"loc":{"start":{"line":296,"column":23},"end":{"line":298,"column":17}},"type":"if","locations":[{"start":{"line":296,"column":23},"end":{"line":298,"column":17}},{"start":{},"end":{}}],"line":296},"78":{"loc":{"start":{"line":296,"column":27},"end":{"line":296,"column":71}},"type":"binary-expr","locations":[{"start":{"line":296,"column":27},"end":{"line":296,"column":47}},{"start":{"line":296,"column":51},"end":{"line":296,"column":71}}],"line":296},"79":{"loc":{"start":{"line":302,"column":30},"end":{"line":302,"column":112}},"type":"binary-expr","locations":[{"start":{"line":302,"column":31},"end":{"line":302,"column":59}},{"start":{"line":302,"column":63},"end":{"line":302,"column":98}},{"start":{"line":302,"column":103},"end":{"line":302,"column":112}}],"line":302},"80":{"loc":{"start":{"line":303,"column":12},"end":{"line":316,"column":13}},"type":"if","locations":[{"start":{"line":303,"column":12},"end":{"line":316,"column":13}},{"start":{},"end":{}}],"line":303},"81":{"loc":{"start":{"line":304,"column":16},"end":{"line":311,"column":17}},"type":"if","locations":[{"start":{"line":304,"column":16},"end":{"line":311,"column":17}},{"start":{"line":309,"column":23},"end":{"line":311,"column":17}}],"line":304},"82":{"loc":{"start":{"line":306,"column":31},"end":{"line":306,"column":66}},"type":"cond-expr","locations":[{"start":{"line":306,"column":45},"end":{"line":306,"column":62}},{"start":{"line":306,"column":65},"end":{"line":306,"column":66}}],"line":306},"83":{"loc":{"start":{"line":307,"column":36},"end":{"line":307,"column":84}},"type":"cond-expr","locations":[{"start":{"line":307,"column":50},"end":{"line":307,"column":72}},{"start":{"line":307,"column":75},"end":{"line":307,"column":84}}],"line":307},"84":{"loc":{"start":{"line":368,"column":4},"end":{"line":368,"column":100}},"type":"if","locations":[{"start":{"line":368,"column":4},"end":{"line":368,"column":100}},{"start":{},"end":{}}],"line":368},"85":{"loc":{"start":{"line":372,"column":19},"end":{"line":372,"column":127}},"type":"cond-expr","locations":[{"start":{"line":372,"column":42},"end":{"line":372,"column":93}},{"start":{"line":372,"column":96},"end":{"line":372,"column":127}}],"line":372}},"s":{"0":11,"1":11,"2":11,"3":11,"4":11,"5":11,"6":11,"7":11,"8":11,"9":11,"10":11,"11":11,"12":11,"13":11,"14":11,"15":11,"16":11,"17":11,"18":11,"19":11,"20":11,"21":11,"22":11,"23":11,"24":11,"25":11,"26":21,"27":21,"28":21,"29":11,"30":16,"31":11,"32":11,"33":16,"34":16,"35":16,"36":16,"37":11,"38":11,"39":21,"40":11,"41":11,"42":11,"43":10,"44":10,"45":11,"46":11,"47":11,"48":11,"49":3,"50":3,"51":3,"52":0,"53":3,"54":2,"55":3,"56":3,"57":8,"58":11,"59":11,"60":11,"61":8,"62":10,"63":10,"64":8,"65":7,"66":7,"67":16,"68":16,"69":7,"70":5,"71":5,"72":8,"73":2,"74":4,"75":4,"76":2,"77":0,"78":0,"79":8,"80":2,"81":2,"82":11,"83":11,"84":7,"85":11,"86":11,"87":1,"88":1,"89":1,"90":0,"91":1,"92":0,"93":1,"94":1,"95":10,"96":11,"97":11,"98":11,"99":11,"100":16,"101":11,"102":21,"103":5,"104":5,"105":11,"106":4,"107":4,"108":7,"109":11,"110":11,"111":11,"112":11,"113":21,"114":1,"115":1,"116":11,"117":1,"118":2,"119":1,"120":1,"121":10,"122":11,"123":11,"124":11,"125":1,"126":1,"127":4,"128":1,"129":1,"130":2,"131":2,"132":1,"133":1,"134":1,"135":11,"136":11,"137":1,"138":11,"139":11,"140":11,"141":11,"142":11,"143":21,"144":1,"145":11,"146":1,"147":1,"148":11,"149":11,"150":1,"151":11,"152":11,"153":11,"154":11,"155":16,"156":16,"157":11,"158":10,"159":10,"160":14,"161":10,"162":10,"163":2,"164":2,"165":8,"166":0,"167":0,"168":11,"169":11,"170":2,"171":11,"172":11,"173":11,"174":7,"175":7,"176":7,"177":7,"178":7,"179":7,"180":3,"181":3,"182":3,"183":3,"184":11,"185":11,"186":3,"187":11,"188":10,"189":10,"190":11,"191":11,"192":1,"193":10,"194":10,"195":1,"196":9,"197":0,"198":9,"199":2,"200":7,"201":0,"202":7,"203":5,"204":2,"205":1,"206":11,"207":11,"208":11,"209":11,"210":10,"211":10,"212":15,"213":0,"214":10,"215":20,"216":11,"217":11,"218":11,"219":11,"220":11,"221":22,"222":2,"223":20,"224":0,"225":20,"226":20,"227":20,"228":20,"229":20,"230":20,"231":1},"f":{"0":11,"1":16,"2":10,"3":10,"4":16,"5":16,"6":4,"7":4,"8":16,"9":21,"10":2,"11":21,"12":16,"13":16,"14":14,"15":15,"16":20,"17":22,"18":0,"19":20},"b":{"0":[21,16],"1":[21,16],"2":[11,0],"3":[11,11],"4":[16,4],"5":[16,4],"6":[10,1],"7":[11,3],"8":[3,8],"9":[0,3],"10":[2,1],"11":[8,3],"12":[11,11],"13":[10,10],"14":[7,1],"15":[7,9],"16":[5,2],"17":[2,6],"18":[8,3],"19":[4,0],"20":[0,2],"21":[2,0],"22":[2,6],"23":[8,3,2],"24":[2,0],"25":[7,4],"26":[11,2,1],"27":[1,10],"28":[0,1],"29":[0,1],"30":[11,0],"31":[16,0],"32":[5,16],"33":[4,7],"34":[11,0],"35":[1,20],"36":[21,20],"37":[1,10],"38":[2,2],"39":[1,0],"40":[1,10],"41":[11,11,1],"42":[4,2],"43":[2,0],"44":[1,0],"45":[1,10],"46":[11,0],"47":[1,20],"48":[1,10],"49":[1,10],"50":[11,0],"51":[11,11],"52":[16,16],"53":[10,1],"54":[14,8],"55":[2,8],"56":[10,3,3],"57":[0,8],"58":[8,5,1],"59":[2,9],"60":[7,4],"61":[11,11,8,7],"62":[3,4],"63":[7,6],"64":[2,1],"65":[2,1],"66":[3,8],"67":[10,1],"68":[1,10],"69":[10,0],"70":[1,9],"71":[0,9],"72":[9,0],"73":[2,7],"74":[0,7],"75":[5,2],"76":[7,5],"77":[1,1],"78":[2,1],"79":[11,10,7],"80":[10,1],"81":[10,0],"82":[15,0],"83":[15,0],"84":[2,20],"85":[0,20]},"_coverageSchema":"1a1c01bbd47fc00a2c39e90264f33305004495a9","hash":"1c262bc7df52f0f52ea0b28eb6b34f93b9ccacb1"}
,"/home/xunlin/learn/0xunlin/SoB/week-3-task/2026-developer-challenge-3-sherlock-0xunLin/parser.js": {"path":"/home/xunlin/learn/0xunlin/SoB/week-3-task/2026-developer-challenge-3-sherlock-0xunLin/parser.js","statementMap":{"0":{"start":{"line":1,"column":11},"end":{"line":1,"column":24}},"1":{"start":{"line":2,"column":15},"end":{"line":2,"column":32}},"2":{"start":{"line":6,"column":8},"end":{"line":6,"column":29}},"3":{"start":{"line":7,"column":8},"end":{"line":7,"column":21}},"4":{"start":{"line":10,"column":20},"end":{"line":10,"column":64}},"5":{"start":{"line":11,"column":8},"end":{"line":11,"column":22}},"6":{"start":{"line":12,"column":8},"end":{"line":12,"column":19}},"7":{"start":{"line":15,"column":20},"end":{"line":15,"column":54}},"8":{"start":{"line":16,"column":8},"end":{"line":16,"column":22}},"9":{"start":{"line":17,"column":8},"end":{"line":17,"column":19}},"10":{"start":{"line":20,"column":20},"end":{"line":20,"column":57}},"11":{"start":{"line":21,"column":8},"end":{"line":21,"column":22}},"12":{"start":{"line":22,"column":8},"end":{"line":22,"column":19}},"13":{"start":{"line":25,"column":22},"end":{"line":25,"column":45}},"14":{"start":{"line":26,"column":8},"end":{"line":26,"column":39}},"15":{"start":{"line":26,"column":26},"end":{"line":26,"column":39}},"16":{"start":{"line":27,"column":8},"end":{"line":31,"column":9}},"17":{"start":{"line":28,"column":24},"end":{"line":28,"column":58}},"18":{"start":{"line":29,"column":12},"end":{"line":29,"column":26}},"19":{"start":{"line":30,"column":12},"end":{"line":30,"column":23}},"20":{"start":{"line":32,"column":8},"end":{"line":36,"column":9}},"21":{"start":{"line":33,"column":24},"end":{"line":33,"column":58}},"22":{"start":{"line":34,"column":12},"end":{"line":34,"column":26}},"23":{"start":{"line":35,"column":12},"end":{"line":35,"column":23}},"24":{"start":{"line":37,"column":20},"end":{"line":37,"column":57}},"25":{"start":{"line":38,"column":8},"end":{"line":38,"column":22}},"26":{"start":{"line":39,"column":8},"end":{"line":39,"column":27}},"27":{"start":{"line":44,"column":17},"end":{"line":44,"column":42}},"28":{"start":{"line":45,"column":16},"end":{"line":45,"column":40}},"29":{"start":{"line":46,"column":4},"end":{"line":48,"column":5}},"30":{"start":{"line":46,"column":17},"end":{"line":46,"column":18}},"31":{"start":{"line":47,"column":8},"end":{"line":47,"column":39}},"32":{"start":{"line":49,"column":4},"end":{"line":49,"column":16}},"33":{"start":{"line":53,"column":4},"end":{"line":53,"column":105}},"34":{"start":{"line":53,"column":89},"end":{"line":53,"column":105}},"35":{"start":{"line":54,"column":4},"end":{"line":54,"column":103}},"36":{"start":{"line":54,"column":89},"end":{"line":54,"column":103}},"37":{"start":{"line":55,"column":4},"end":{"line":55,"column":131}},"38":{"start":{"line":55,"column":117},"end":{"line":55,"column":131}},"39":{"start":{"line":56,"column":4},"end":{"line":56,"column":187}},"40":{"start":{"line":56,"column":172},"end":{"line":56,"column":187}},"41":{"start":{"line":57,"column":4},"end":{"line":57,"column":104}},"42":{"start":{"line":57,"column":89},"end":{"line":57,"column":104}},"43":{"start":{"line":58,"column":4},"end":{"line":58,"column":78}},"44":{"start":{"line":58,"column":59},"end":{"line":58,"column":78}},"45":{"start":{"line":59,"column":4},"end":{"line":59,"column":104}},"46":{"start":{"line":59,"column":90},"end":{"line":59,"column":104}},"47":{"start":{"line":60,"column":4},"end":{"line":60,"column":104}},"48":{"start":{"line":60,"column":90},"end":{"line":60,"column":104}},"49":{"start":{"line":61,"column":4},"end":{"line":61,"column":21}},"50":{"start":{"line":65,"column":4},"end":{"line":65,"column":46}},"51":{"start":{"line":65,"column":20},"end":{"line":65,"column":46}},"52":{"start":{"line":66,"column":4},"end":{"line":66,"column":101}},"53":{"start":{"line":66,"column":35},"end":{"line":66,"column":50}},"54":{"start":{"line":66,"column":52},"end":{"line":66,"column":64}},"55":{"start":{"line":66,"column":65},"end":{"line":66,"column":89}},"56":{"start":{"line":66,"column":90},"end":{"line":66,"column":99}},"57":{"start":{"line":67,"column":4},"end":{"line":67,"column":105}},"58":{"start":{"line":67,"column":39},"end":{"line":67,"column":54}},"59":{"start":{"line":67,"column":56},"end":{"line":67,"column":68}},"60":{"start":{"line":67,"column":69},"end":{"line":67,"column":93}},"61":{"start":{"line":67,"column":94},"end":{"line":67,"column":103}},"62":{"start":{"line":68,"column":14},"end":{"line":68,"column":29}},"63":{"start":{"line":68,"column":31},"end":{"line":68,"column":43}},"64":{"start":{"line":68,"column":44},"end":{"line":68,"column":79}},"65":{"start":{"line":68,"column":80},"end":{"line":68,"column":89}},"66":{"start":{"line":72,"column":19},"end":{"line":72,"column":36}},"67":{"start":{"line":73,"column":15},"end":{"line":73,"column":17}},"68":{"start":{"line":74,"column":4},"end":{"line":108,"column":5}},"69":{"start":{"line":75,"column":22},"end":{"line":75,"column":61}},"70":{"start":{"line":76,"column":22},"end":{"line":76,"column":72}},"71":{"start":{"line":77,"column":22},"end":{"line":77,"column":72}},"72":{"start":{"line":78,"column":8},"end":{"line":78,"column":47}},"73":{"start":{"line":80,"column":23},"end":{"line":80,"column":25}},"74":{"start":{"line":81,"column":22},"end":{"line":81,"column":37}},"75":{"start":{"line":82,"column":8},"end":{"line":82,"column":40}},"76":{"start":{"line":83,"column":8},"end":{"line":83,"column":27}},"77":{"start":{"line":84,"column":8},"end":{"line":84,"column":46}},"78":{"start":{"line":85,"column":8},"end":{"line":93,"column":9}},"79":{"start":{"line":86,"column":12},"end":{"line":86,"column":64}},"80":{"start":{"line":87,"column":25},"end":{"line":87,"column":40}},"81":{"start":{"line":87,"column":42},"end":{"line":87,"column":74}},"82":{"start":{"line":88,"column":12},"end":{"line":88,"column":30}},"83":{"start":{"line":89,"column":12},"end":{"line":89,"column":59}},"84":{"start":{"line":90,"column":12},"end":{"line":90,"column":39}},"85":{"start":{"line":91,"column":25},"end":{"line":91,"column":40}},"86":{"start":{"line":91,"column":42},"end":{"line":91,"column":78}},"87":{"start":{"line":92,"column":12},"end":{"line":92,"column":30}},"88":{"start":{"line":94,"column":8},"end":{"line":94,"column":47}},"89":{"start":{"line":95,"column":8},"end":{"line":100,"column":9}},"90":{"start":{"line":96,"column":25},"end":{"line":96,"column":40}},"91":{"start":{"line":96,"column":42},"end":{"line":96,"column":87}},"92":{"start":{"line":97,"column":12},"end":{"line":97,"column":30}},"93":{"start":{"line":98,"column":12},"end":{"line":98,"column":63}},"94":{"start":{"line":99,"column":12},"end":{"line":99,"column":43}},"95":{"start":{"line":101,"column":22},"end":{"line":101,"column":37}},"96":{"start":{"line":101,"column":39},"end":{"line":101,"column":72}},"97":{"start":{"line":102,"column":8},"end":{"line":102,"column":27}},"98":{"start":{"line":103,"column":28},"end":{"line":103,"column":49}},"99":{"start":{"line":104,"column":8},"end":{"line":104,"column":38}},"100":{"start":{"line":105,"column":22},"end":{"line":105,"column":78}},"101":{"start":{"line":106,"column":22},"end":{"line":106,"column":72}},"102":{"start":{"line":107,"column":8},"end":{"line":107,"column":47}},"103":{"start":{"line":109,"column":22},"end":{"line":109,"column":39}},"104":{"start":{"line":110,"column":19},"end":{"line":110,"column":43}},"105":{"start":{"line":111,"column":19},"end":{"line":111,"column":40}},"106":{"start":{"line":112,"column":4},"end":{"line":112,"column":57}},"107":{"start":{"line":116,"column":21},"end":{"line":116,"column":31}},"108":{"start":{"line":117,"column":20},"end":{"line":117,"column":41}},"109":{"start":{"line":118,"column":25},"end":{"line":118,"column":26}},"110":{"start":{"line":120,"column":19},"end":{"line":120,"column":24}},"111":{"start":{"line":121,"column":15},"end":{"line":121,"column":40}},"112":{"start":{"line":122,"column":16},"end":{"line":122,"column":45}},"113":{"start":{"line":123,"column":27},"end":{"line":123,"column":28}},"114":{"start":{"line":124,"column":4},"end":{"line":128,"column":5}},"115":{"start":{"line":125,"column":8},"end":{"line":125,"column":24}},"116":{"start":{"line":126,"column":8},"end":{"line":126,"column":24}},"117":{"start":{"line":127,"column":8},"end":{"line":127,"column":29}},"118":{"start":{"line":130,"column":26},"end":{"line":130,"column":36}},"119":{"start":{"line":131,"column":19},"end":{"line":131,"column":38}},"120":{"start":{"line":132,"column":17},"end":{"line":132,"column":19}},"121":{"start":{"line":133,"column":21},"end":{"line":133,"column":26}},"122":{"start":{"line":134,"column":4},"end":{"line":144,"column":5}},"123":{"start":{"line":134,"column":17},"end":{"line":134,"column":18}},"124":{"start":{"line":135,"column":21},"end":{"line":135,"column":67}},"125":{"start":{"line":136,"column":21},"end":{"line":136,"column":42}},"126":{"start":{"line":137,"column":30},"end":{"line":137,"column":49}},"127":{"start":{"line":138,"column":26},"end":{"line":138,"column":57}},"128":{"start":{"line":139,"column":25},"end":{"line":139,"column":46}},"129":{"start":{"line":140,"column":8},"end":{"line":142,"column":9}},"130":{"start":{"line":141,"column":12},"end":{"line":141,"column":30}},"131":{"start":{"line":143,"column":8},"end":{"line":143,"column":55}},"132":{"start":{"line":145,"column":24},"end":{"line":145,"column":50}},"133":{"start":{"line":147,"column":27},"end":{"line":147,"column":37}},"134":{"start":{"line":148,"column":20},"end":{"line":148,"column":39}},"135":{"start":{"line":149,"column":18},"end":{"line":149,"column":20}},"136":{"start":{"line":150,"column":4},"end":{"line":155,"column":5}},"137":{"start":{"line":150,"column":17},"end":{"line":150,"column":18}},"138":{"start":{"line":151,"column":22},"end":{"line":151,"column":54}},"139":{"start":{"line":152,"column":33},"end":{"line":152,"column":52}},"140":{"start":{"line":153,"column":29},"end":{"line":153,"column":63}},"141":{"start":{"line":154,"column":8},"end":{"line":154,"column":86}},"142":{"start":{"line":156,"column":25},"end":{"line":156,"column":52}},"143":{"start":{"line":158,"column":23},"end":{"line":158,"column":39}},"144":{"start":{"line":159,"column":4},"end":{"line":169,"column":5}},"145":{"start":{"line":160,"column":33},"end":{"line":160,"column":43}},"146":{"start":{"line":161,"column":8},"end":{"line":167,"column":9}},"147":{"start":{"line":161,"column":21},"end":{"line":161,"column":22}},"148":{"start":{"line":162,"column":31},"end":{"line":162,"column":50}},"149":{"start":{"line":163,"column":12},"end":{"line":166,"column":13}},"150":{"start":{"line":163,"column":25},"end":{"line":163,"column":26}},"151":{"start":{"line":164,"column":32},"end":{"line":164,"column":51}},"152":{"start":{"line":165,"column":16},"end":{"line":165,"column":38}},"153":{"start":{"line":168,"column":8},"end":{"line":168,"column":56}},"154":{"start":{"line":170,"column":21},"end":{"line":170,"column":42}},"155":{"start":{"line":171,"column":26},"end":{"line":171,"column":27}},"156":{"start":{"line":172,"column":19},"end":{"line":172,"column":29}},"157":{"start":{"line":174,"column":17},"end":{"line":174,"column":105}},"158":{"start":{"line":176,"column":4},"end":{"line":190,"column":6}},"159":{"start":{"line":194,"column":4},"end":{"line":203,"column":5}},"160":{"start":{"line":195,"column":20},"end":{"line":195,"column":32}},"161":{"start":{"line":196,"column":8},"end":{"line":202,"column":9}},"162":{"start":{"line":197,"column":25},"end":{"line":197,"column":26}},"163":{"start":{"line":198,"column":12},"end":{"line":200,"column":13}},"164":{"start":{"line":198,"column":25},"end":{"line":198,"column":26}},"165":{"start":{"line":199,"column":16},"end":{"line":199,"column":62}},"166":{"start":{"line":201,"column":12},"end":{"line":201,"column":26}},"167":{"start":{"line":204,"column":4},"end":{"line":204,"column":13}},"168":{"start":{"line":210,"column":12},"end":{"line":210,"column":14}},"169":{"start":{"line":211,"column":4},"end":{"line":219,"column":5}},"170":{"start":{"line":212,"column":19},"end":{"line":212,"column":46}},"171":{"start":{"line":213,"column":8},"end":{"line":213,"column":42}},"172":{"start":{"line":214,"column":8},"end":{"line":218,"column":9}},"173":{"start":{"line":215,"column":12},"end":{"line":215,"column":20}},"174":{"start":{"line":217,"column":12},"end":{"line":217,"column":29}},"175":{"start":{"line":223,"column":4},"end":{"line":223,"column":26}},"176":{"start":{"line":223,"column":17},"end":{"line":223,"column":26}},"177":{"start":{"line":224,"column":4},"end":{"line":224,"column":11}},"178":{"start":{"line":225,"column":14},"end":{"line":225,"column":20}},"179":{"start":{"line":226,"column":4},"end":{"line":226,"column":27}},"180":{"start":{"line":228,"column":4},"end":{"line":234,"column":5}},"181":{"start":{"line":229,"column":18},"end":{"line":229,"column":29}},"182":{"start":{"line":230,"column":8},"end":{"line":230,"column":30}},"183":{"start":{"line":231,"column":8},"end":{"line":231,"column":23}},"184":{"start":{"line":233,"column":8},"end":{"line":233,"column":23}},"185":{"start":{"line":235,"column":4},"end":{"line":235,"column":25}},"186":{"start":{"line":239,"column":18},"end":{"line":239,"column":40}},"187":{"start":{"line":240,"column":19},"end":{"line":240,"column":29}},"188":{"start":{"line":241,"column":4},"end":{"line":241,"column":43}},"189":{"start":{"line":241,"column":20},"end":{"line":241,"column":43}},"190":{"start":{"line":242,"column":18},"end":{"line":242,"column":58}},"191":{"start":{"line":243,"column":18},"end":{"line":243,"column":40}},"192":{"start":{"line":244,"column":21},"end":{"line":244,"column":30}},"193":{"start":{"line":245,"column":4},"end":{"line":255,"column":5}},"194":{"start":{"line":246,"column":8},"end":{"line":246,"column":25}},"195":{"start":{"line":246,"column":26},"end":{"line":246,"column":47}},"196":{"start":{"line":247,"column":11},"end":{"line":255,"column":5}},"197":{"start":{"line":248,"column":8},"end":{"line":248,"column":25}},"198":{"start":{"line":248,"column":26},"end":{"line":248,"column":46}},"199":{"start":{"line":249,"column":11},"end":{"line":255,"column":5}},"200":{"start":{"line":250,"column":8},"end":{"line":250,"column":25}},"201":{"start":{"line":250,"column":26},"end":{"line":250,"column":46}},"202":{"start":{"line":252,"column":23},"end":{"line":252,"column":32}},"203":{"start":{"line":253,"column":28},"end":{"line":253,"column":52}},"204":{"start":{"line":254,"column":8},"end":{"line":254,"column":49}},"205":{"start":{"line":256,"column":4},"end":{"line":256,"column":33}},"206":{"start":{"line":260,"column":27},"end":{"line":260,"column":46}},"207":{"start":{"line":261,"column":19},"end":{"line":261,"column":21}},"208":{"start":{"line":262,"column":4},"end":{"line":269,"column":5}},"209":{"start":{"line":262,"column":17},"end":{"line":262,"column":18}},"210":{"start":{"line":263,"column":31},"end":{"line":263,"column":50}},"211":{"start":{"line":264,"column":23},"end":{"line":264,"column":25}},"212":{"start":{"line":265,"column":8},"end":{"line":267,"column":9}},"213":{"start":{"line":265,"column":21},"end":{"line":265,"column":22}},"214":{"start":{"line":266,"column":12},"end":{"line":266,"column":54}},"215":{"start":{"line":268,"column":8},"end":{"line":268,"column":28}},"216":{"start":{"line":270,"column":4},"end":{"line":270,"column":18}},"217":{"start":{"line":274,"column":25},"end":{"line":274,"column":52}},"218":{"start":{"line":275,"column":24},"end":{"line":275,"column":51}},"219":{"start":{"line":278,"column":23},"end":{"line":278,"column":56}},"220":{"start":{"line":279,"column":20},"end":{"line":279,"column":29}},"221":{"start":{"line":280,"column":4},"end":{"line":292,"column":5}},"222":{"start":{"line":281,"column":22},"end":{"line":281,"column":45}},"223":{"start":{"line":282,"column":8},"end":{"line":282,"column":49}},"224":{"start":{"line":282,"column":43},"end":{"line":282,"column":49}},"225":{"start":{"line":283,"column":25},"end":{"line":283,"column":50}},"226":{"start":{"line":284,"column":29},"end":{"line":284,"column":81}},"227":{"start":{"line":285,"column":23},"end":{"line":285,"column":52}},"228":{"start":{"line":287,"column":28},"end":{"line":287,"column":73}},"229":{"start":{"line":287,"column":49},"end":{"line":287,"column":62}},"230":{"start":{"line":288,"column":8},"end":{"line":288,"column":68}},"231":{"start":{"line":288,"column":39},"end":{"line":288,"column":68}},"232":{"start":{"line":289,"column":8},"end":{"line":289,"column":46}},"233":{"start":{"line":291,"column":8},"end":{"line":291,"column":29}},"234":{"start":{"line":294,"column":24},"end":{"line":294,"column":58}},"235":{"start":{"line":295,"column":19},"end":{"line":295,"column":21}},"236":{"start":{"line":296,"column":4},"end":{"line":341,"column":5}},"237":{"start":{"line":297,"column":22},"end":{"line":297,"column":46}},"238":{"start":{"line":298,"column":8},"end":{"line":298,"column":52}},"239":{"start":{"line":298,"column":43},"end":{"line":298,"column":52}},"240":{"start":{"line":299,"column":26},"end":{"line":299,"column":52}},"241":{"start":{"line":300,"column":25},"end":{"line":300,"column":40}},"242":{"start":{"line":301,"column":23},"end":{"line":301,"column":48}},"243":{"start":{"line":302,"column":26},"end":{"line":304,"column":44}},"244":{"start":{"line":306,"column":29},"end":{"line":306,"column":57}},"245":{"start":{"line":307,"column":8},"end":{"line":307,"column":30}},"246":{"start":{"line":308,"column":26},"end":{"line":308,"column":53}},"247":{"start":{"line":310,"column":24},"end":{"line":310,"column":48}},"248":{"start":{"line":311,"column":20},"end":{"line":311,"column":22}},"249":{"start":{"line":312,"column":8},"end":{"line":314,"column":9}},"250":{"start":{"line":312,"column":21},"end":{"line":312,"column":22}},"251":{"start":{"line":313,"column":12},"end":{"line":313,"column":42}},"252":{"start":{"line":317,"column":28},"end":{"line":317,"column":76}},"253":{"start":{"line":317,"column":51},"end":{"line":317,"column":65}},"254":{"start":{"line":318,"column":28},"end":{"line":318,"column":32}},"255":{"start":{"line":319,"column":8},"end":{"line":323,"column":9}},"256":{"start":{"line":320,"column":12},"end":{"line":320,"column":61}},"257":{"start":{"line":321,"column":15},"end":{"line":323,"column":9}},"258":{"start":{"line":322,"column":12},"end":{"line":322,"column":72}},"259":{"start":{"line":326,"column":8},"end":{"line":333,"column":9}},"260":{"start":{"line":327,"column":12},"end":{"line":332,"column":13}},"261":{"start":{"line":327,"column":25},"end":{"line":327,"column":26}},"262":{"start":{"line":328,"column":31},"end":{"line":328,"column":51}},"263":{"start":{"line":329,"column":16},"end":{"line":331,"column":17}},"264":{"start":{"line":329,"column":29},"end":{"line":329,"column":30}},"265":{"start":{"line":330,"column":20},"end":{"line":330,"column":55}},"266":{"start":{"line":335,"column":28},"end":{"line":335,"column":89}},"267":{"start":{"line":337,"column":8},"end":{"line":337,"column":73}},"268":{"start":{"line":340,"column":8},"end":{"line":340,"column":47}},"269":{"start":{"line":343,"column":4},"end":{"line":343,"column":18}},"270":{"start":{"line":346,"column":0},"end":{"line":359,"column":2}}},"fnMap":{"0":{"name":"(anonymous_0)","decl":{"start":{"line":5,"column":4},"end":{"line":5,"column":5}},"loc":{"start":{"line":5,"column":24},"end":{"line":8,"column":5}},"line":5},"1":{"name":"(anonymous_1)","decl":{"start":{"line":9,"column":4},"end":{"line":9,"column":5}},"loc":{"start":{"line":9,"column":17},"end":{"line":13,"column":5}},"line":9},"2":{"name":"(anonymous_2)","decl":{"start":{"line":14,"column":4},"end":{"line":14,"column":5}},"loc":{"start":{"line":14,"column":19},"end":{"line":18,"column":5}},"line":14},"3":{"name":"(anonymous_3)","decl":{"start":{"line":19,"column":4},"end":{"line":19,"column":5}},"loc":{"start":{"line":19,"column":22},"end":{"line":23,"column":5}},"line":19},"4":{"name":"(anonymous_4)","decl":{"start":{"line":24,"column":4},"end":{"line":24,"column":5}},"loc":{"start":{"line":24,"column":17},"end":{"line":40,"column":5}},"line":24},"5":{"name":"xorDecode","decl":{"start":{"line":43,"column":9},"end":{"line":43,"column":18}},"loc":{"start":{"line":43,"column":38},"end":{"line":50,"column":1}},"line":43},"6":{"name":"classifyScript","decl":{"start":{"line":52,"column":9},"end":{"line":52,"column":23}},"loc":{"start":{"line":52,"column":37},"end":{"line":62,"column":1}},"line":52},"7":{"name":"writeVarInt","decl":{"start":{"line":64,"column":9},"end":{"line":64,"column":20}},"loc":{"start":{"line":64,"column":26},"end":{"line":69,"column":1}},"line":64},"8":{"name":"computeTxMeta","decl":{"start":{"line":71,"column":9},"end":{"line":71,"column":22}},"loc":{"start":{"line":71,"column":97},"end":{"line":113,"column":1}},"line":71},"9":{"name":"readTx","decl":{"start":{"line":115,"column":9},"end":{"line":115,"column":15}},"loc":{"start":{"line":115,"column":24},"end":{"line":191,"column":1}},"line":115},"10":{"name":"getBip34Height","decl":{"start":{"line":193,"column":9},"end":{"line":193,"column":23}},"loc":{"start":{"line":193,"column":35},"end":{"line":205,"column":1}},"line":193},"11":{"name":"readB128VarInt","decl":{"start":{"line":209,"column":9},"end":{"line":209,"column":23}},"loc":{"start":{"line":209,"column":32},"end":{"line":220,"column":1}},"line":209},"12":{"name":"decompressAmount","decl":{"start":{"line":222,"column":9},"end":{"line":222,"column":25}},"loc":{"start":{"line":222,"column":29},"end":{"line":236,"column":1}},"line":222},"13":{"name":"parseCompressedTxOut","decl":{"start":{"line":238,"column":9},"end":{"line":238,"column":29}},"loc":{"start":{"line":238,"column":38},"end":{"line":257,"column":1}},"line":238},"14":{"name":"parseUndoRecord","decl":{"start":{"line":259,"column":9},"end":{"line":259,"column":24}},"loc":{"start":{"line":259,"column":33},"end":{"line":271,"column":1}},"line":259},"15":{"name":"parseBlocksWithUndo","decl":{"start":{"line":273,"column":9},"end":{"line":273,"column":28}},"loc":{"start":{"line":273,"column":56},"end":{"line":344,"column":1}},"line":273},"16":{"name":"(anonymous_16)","decl":{"start":{"line":287,"column":39},"end":{"line":287,"column":40}},"loc":{"start":{"line":287,"column":49},"end":{"line":287,"column":62}},"line":287},"17":{"name":"(anonymous_17)","decl":{"start":{"line":317,"column":45},"end":{"line":317,"column":46}},"loc":{"start":{"line":317,"column":51},"end":{"line":317,"column":65}},"line":317}},"branchMap":{"0":{"loc":{"start":{"line":26,"column":8},"end":{"line":26,"column":39}},"type":"if","locations":[{"start":{"line":26,"column":8},"end":{"line":26,"column":39}},{"start":{},"end":{}}],"line":26},"1":{"loc":{"start":{"line":27,"column":8},"end":{"line":31,"column":9}},"type":"if","locations":[{"start":{"line":27,"column":8},"end":{"line":31,"column":9}},{"start":{},"end":{}}],"line":27},"2":{"loc":{"start":{"line":32,"column":8},"end":{"line":36,"column":9}},"type":"if","locations":[{"start":{"line":32,"column":8},"end":{"line":36,"column":9}},{"start":{},"end":{}}],"line":32},"3":{"loc":{"start":{"line":53,"column":4},"end":{"line":53,"column":105}},"type":"if","locations":[{"start":{"line":53,"column":4},"end":{"line":53,"column":105}},{"start":{},"end":{}}],"line":53},"4":{"loc":{"start":{"line":53,"column":8},"end":{"line":53,"column":87}},"type":"binary-expr","locations":[{"start":{"line":53,"column":8},"end":{"line":53,"column":33}},{"start":{"line":53,"column":37},"end":{"line":53,"column":60}},{"start":{"line":53,"column":64},"end":{"line":53,"column":87}}],"line":53},"5":{"loc":{"start":{"line":54,"column":4},"end":{"line":54,"column":103}},"type":"if","locations":[{"start":{"line":54,"column":4},"end":{"line":54,"column":103}},{"start":{},"end":{}}],"line":54},"6":{"loc":{"start":{"line":54,"column":8},"end":{"line":54,"column":87}},"type":"binary-expr","locations":[{"start":{"line":54,"column":8},"end":{"line":54,"column":33}},{"start":{"line":54,"column":37},"end":{"line":54,"column":60}},{"start":{"line":54,"column":64},"end":{"line":54,"column":87}}],"line":54},"7":{"loc":{"start":{"line":55,"column":4},"end":{"line":55,"column":131}},"type":"if","locations":[{"start":{"line":55,"column":4},"end":{"line":55,"column":131}},{"start":{},"end":{}}],"line":55},"8":{"loc":{"start":{"line":55,"column":8},"end":{"line":55,"column":115}},"type":"binary-expr","locations":[{"start":{"line":55,"column":8},"end":{"line":55,"column":33}},{"start":{"line":55,"column":37},"end":{"line":55,"column":60}},{"start":{"line":55,"column":64},"end":{"line":55,"column":87}},{"start":{"line":55,"column":91},"end":{"line":55,"column":115}}],"line":55},"9":{"loc":{"start":{"line":56,"column":4},"end":{"line":56,"column":187}},"type":"if","locations":[{"start":{"line":56,"column":4},"end":{"line":56,"column":187}},{"start":{},"end":{}}],"line":56},"10":{"loc":{"start":{"line":56,"column":8},"end":{"line":56,"column":170}},"type":"binary-expr","locations":[{"start":{"line":56,"column":8},"end":{"line":56,"column":33}},{"start":{"line":56,"column":37},"end":{"line":56,"column":60}},{"start":{"line":56,"column":64},"end":{"line":56,"column":87}},{"start":{"line":56,"column":91},"end":{"line":56,"column":114}},{"start":{"line":56,"column":118},"end":{"line":56,"column":142}},{"start":{"line":56,"column":146},"end":{"line":56,"column":170}}],"line":56},"11":{"loc":{"start":{"line":57,"column":4},"end":{"line":57,"column":104}},"type":"if","locations":[{"start":{"line":57,"column":4},"end":{"line":57,"column":104}},{"start":{},"end":{}}],"line":57},"12":{"loc":{"start":{"line":57,"column":8},"end":{"line":57,"column":87}},"type":"binary-expr","locations":[{"start":{"line":57,"column":8},"end":{"line":57,"column":33}},{"start":{"line":57,"column":37},"end":{"line":57,"column":60}},{"start":{"line":57,"column":64},"end":{"line":57,"column":87}}],"line":57},"13":{"loc":{"start":{"line":58,"column":4},"end":{"line":58,"column":78}},"type":"if","locations":[{"start":{"line":58,"column":4},"end":{"line":58,"column":78}},{"start":{},"end":{}}],"line":58},"14":{"loc":{"start":{"line":58,"column":8},"end":{"line":58,"column":57}},"type":"binary-expr","locations":[{"start":{"line":58,"column":8},"end":{"line":58,"column":30}},{"start":{"line":58,"column":34},"end":{"line":58,"column":57}}],"line":58},"15":{"loc":{"start":{"line":59,"column":4},"end":{"line":59,"column":104}},"type":"if","locations":[{"start":{"line":59,"column":4},"end":{"line":59,"column":104}},{"start":{},"end":{}}],"line":59},"16":{"loc":{"start":{"line":59,"column":8},"end":{"line":59,"column":88}},"type":"binary-expr","locations":[{"start":{"line":59,"column":8},"end":{"line":59,"column":33}},{"start":{"line":59,"column":37},"end":{"line":59,"column":60}},{"start":{"line":59,"column":64},"end":{"line":59,"column":88}}],"line":59},"17":{"loc":{"start":{"line":60,"column":4},"end":{"line":60,"column":104}},"type":"if","locations":[{"start":{"line":60,"column":4},"end":{"line":60,"column":104}},{"start":{},"end":{}}],"line":60},"18":{"loc":{"start":{"line":60,"column":8},"end":{"line":60,"column":88}},"type":"binary-expr","locations":[{"start":{"line":60,"column":8},"end":{"line":60,"column":33}},{"start":{"line":60,"column":37},"end":{"line":60,"column":60}},{"start":{"line":60,"column":64},"end":{"line":60,"column":88}}],"line":60},"19":{"loc":{"start":{"line":65,"column":4},"end":{"line":65,"column":46}},"type":"if","locations":[{"start":{"line":65,"column":4},"end":{"line":65,"column":46}},{"start":{},"end":{}}],"line":65},"20":{"loc":{"start":{"line":66,"column":4},"end":{"line":66,"column":101}},"type":"if","locations":[{"start":{"line":66,"column":4},"end":{"line":66,"column":101}},{"start":{},"end":{}}],"line":66},"21":{"loc":{"start":{"line":67,"column":4},"end":{"line":67,"column":105}},"type":"if","locations":[{"start":{"line":67,"column":4},"end":{"line":67,"column":105}},{"start":{},"end":{}}],"line":67},"22":{"loc":{"start":{"line":74,"column":4},"end":{"line":108,"column":5}},"type":"if","locations":[{"start":{"line":74,"column":4},"end":{"line":108,"column":5}},{"start":{"line":79,"column":11},"end":{"line":108,"column":5}}],"line":74},"23":{"loc":{"start":{"line":124,"column":4},"end":{"line":128,"column":5}},"type":"if","locations":[{"start":{"line":124,"column":4},"end":{"line":128,"column":5}},{"start":{},"end":{}}],"line":124},"24":{"loc":{"start":{"line":124,"column":8},"end":{"line":124,"column":39}},"type":"binary-expr","locations":[{"start":{"line":124,"column":8},"end":{"line":124,"column":21}},{"start":{"line":124,"column":25},"end":{"line":124,"column":39}}],"line":124},"25":{"loc":{"start":{"line":140,"column":8},"end":{"line":142,"column":9}},"type":"if","locations":[{"start":{"line":140,"column":8},"end":{"line":142,"column":9}},{"start":{},"end":{}}],"line":140},"26":{"loc":{"start":{"line":159,"column":4},"end":{"line":169,"column":5}},"type":"if","locations":[{"start":{"line":159,"column":4},"end":{"line":169,"column":5}},{"start":{},"end":{}}],"line":159},"27":{"loc":{"start":{"line":194,"column":4},"end":{"line":203,"column":5}},"type":"if","locations":[{"start":{"line":194,"column":4},"end":{"line":203,"column":5}},{"start":{},"end":{}}],"line":194},"28":{"loc":{"start":{"line":196,"column":8},"end":{"line":202,"column":9}},"type":"if","locations":[{"start":{"line":196,"column":8},"end":{"line":202,"column":9}},{"start":{},"end":{}}],"line":196},"29":{"loc":{"start":{"line":196,"column":12},"end":{"line":196,"column":51}},"type":"binary-expr","locations":[{"start":{"line":196,"column":12},"end":{"line":196,"column":20}},{"start":{"line":196,"column":24},"end":{"line":196,"column":51}}],"line":196},"30":{"loc":{"start":{"line":214,"column":8},"end":{"line":218,"column":9}},"type":"if","locations":[{"start":{"line":214,"column":8},"end":{"line":218,"column":9}},{"start":{"line":216,"column":15},"end":{"line":218,"column":9}}],"line":214},"31":{"loc":{"start":{"line":223,"column":4},"end":{"line":223,"column":26}},"type":"if","locations":[{"start":{"line":223,"column":4},"end":{"line":223,"column":26}},{"start":{},"end":{}}],"line":223},"32":{"loc":{"start":{"line":228,"column":4},"end":{"line":234,"column":5}},"type":"if","locations":[{"start":{"line":228,"column":4},"end":{"line":234,"column":5}},{"start":{"line":232,"column":11},"end":{"line":234,"column":5}}],"line":228},"33":{"loc":{"start":{"line":241,"column":4},"end":{"line":241,"column":43}},"type":"if","locations":[{"start":{"line":241,"column":4},"end":{"line":241,"column":43}},{"start":{},"end":{}}],"line":241},"34":{"loc":{"start":{"line":245,"column":4},"end":{"line":255,"column":5}},"type":"if","locations":[{"start":{"line":245,"column":4},"end":{"line":255,"column":5}},{"start":{"line":247,"column":11},"end":{"line":255,"column":5}}],"line":245},"35":{"loc":{"start":{"line":247,"column":11},"end":{"line":255,"column":5}},"type":"if","locations":[{"start":{"line":247,"column":11},"end":{"line":255,"column":5}},{"start":{"line":249,"column":11},"end":{"line":255,"column":5}}],"line":247},"36":{"loc":{"start":{"line":249,"column":11},"end":{"line":255,"column":5}},"type":"if","locations":[{"start":{"line":249,"column":11},"end":{"line":255,"column":5}},{"start":{"line":251,"column":11},"end":{"line":255,"column":5}}],"line":249},"37":{"loc":{"start":{"line":249,"column":15},"end":{"line":249,"column":39}},"type":"binary-expr","locations":[{"start":{"line":249,"column":15},"end":{"line":249,"column":25}},{"start":{"line":249,"column":29},"end":{"line":249,"column":39}}],"line":249},"38":{"loc":{"start":{"line":282,"column":8},"end":{"line":282,"column":49}},"type":"if","locations":[{"start":{"line":282,"column":8},"end":{"line":282,"column":49}},{"start":{},"end":{}}],"line":282},"39":{"loc":{"start":{"line":288,"column":8},"end":{"line":288,"column":68}},"type":"if","locations":[{"start":{"line":288,"column":8},"end":{"line":288,"column":68}},{"start":{},"end":{}}],"line":288},"40":{"loc":{"start":{"line":298,"column":8},"end":{"line":298,"column":52}},"type":"if","locations":[{"start":{"line":298,"column":8},"end":{"line":298,"column":52}},{"start":{},"end":{}}],"line":298},"41":{"loc":{"start":{"line":319,"column":8},"end":{"line":323,"column":9}},"type":"if","locations":[{"start":{"line":319,"column":8},"end":{"line":323,"column":9}},{"start":{"line":321,"column":15},"end":{"line":323,"column":9}}],"line":319},"42":{"loc":{"start":{"line":319,"column":12},"end":{"line":319,"column":75}},"type":"binary-expr","locations":[{"start":{"line":319,"column":12},"end":{"line":319,"column":36}},{"start":{"line":319,"column":40},"end":{"line":319,"column":75}}],"line":319},"43":{"loc":{"start":{"line":321,"column":15},"end":{"line":323,"column":9}},"type":"if","locations":[{"start":{"line":321,"column":15},"end":{"line":323,"column":9}},{"start":{},"end":{}}],"line":321},"44":{"loc":{"start":{"line":326,"column":8},"end":{"line":333,"column":9}},"type":"if","locations":[{"start":{"line":326,"column":8},"end":{"line":333,"column":9}},{"start":{},"end":{}}],"line":326},"45":{"loc":{"start":{"line":335,"column":28},"end":{"line":335,"column":89}},"type":"cond-expr","locations":[{"start":{"line":335,"column":45},"end":{"line":335,"column":85}},{"start":{"line":335,"column":88},"end":{"line":335,"column":89}}],"line":335}},"s":{"0":1,"1":1,"2":8,"3":8,"4":1,"5":1,"6":1,"7":1,"8":1,"9":1,"10":1,"11":1,"12":1,"13":4,"14":4,"15":1,"16":3,"17":1,"18":1,"19":1,"20":2,"21":1,"22":1,"23":1,"24":1,"25":1,"26":1,"27":0,"28":0,"29":0,"30":0,"31":0,"32":0,"33":7,"34":1,"35":6,"36":1,"37":5,"38":1,"39":4,"40":1,"41":3,"42":1,"43":2,"44":1,"45":1,"46":0,"47":1,"48":0,"49":1,"50":8,"51":5,"52":3,"53":1,"54":1,"55":1,"56":1,"57":2,"58":1,"59":1,"60":1,"61":1,"62":1,"63":1,"64":1,"65":1,"66":2,"67":2,"68":2,"69":1,"70":1,"71":1,"72":1,"73":1,"74":1,"75":1,"76":1,"77":1,"78":1,"79":1,"80":1,"81":1,"82":1,"83":1,"84":1,"85":1,"86":1,"87":1,"88":1,"89":1,"90":1,"91":1,"92":1,"93":1,"94":1,"95":1,"96":1,"97":1,"98":1,"99":1,"100":1,"101":1,"102":1,"103":2,"104":2,"105":2,"106":2,"107":0,"108":0,"109":0,"110":0,"111":0,"112":0,"113":0,"114":0,"115":0,"116":0,"117":0,"118":0,"119":0,"120":0,"121":0,"122":0,"123":0,"124":0,"125":0,"126":0,"127":0,"128":0,"129":0,"130":0,"131":0,"132":0,"133":0,"134":0,"135":0,"136":0,"137":0,"138":0,"139":0,"140":0,"141":0,"142":0,"143":0,"144":0,"145":0,"146":0,"147":0,"148":0,"149":0,"150":0,"151":0,"152":0,"153":0,"154":0,"155":0,"156":0,"157":0,"158":0,"159":3,"160":2,"161":2,"162":1,"163":1,"164":1,"165":3,"166":1,"167":2,"168":1,"169":1,"170":2,"171":2,"172":2,"173":1,"174":1,"175":4,"176":1,"177":3,"178":3,"179":3,"180":3,"181":2,"182":2,"183":2,"184":1,"185":3,"186":0,"187":0,"188":0,"189":0,"190":0,"191":0,"192":0,"193":0,"194":0,"195":0,"196":0,"197":0,"198":0,"199":0,"200":0,"201":0,"202":0,"203":0,"204":0,"205":0,"206":0,"207":0,"208":0,"209":0,"210":0,"211":0,"212":0,"213":0,"214":0,"215":0,"216":0,"217":0,"218":0,"219":0,"220":0,"221":0,"222":0,"223":0,"224":0,"225":0,"226":0,"227":0,"228":0,"229":0,"230":0,"231":0,"232":0,"233":0,"234":0,"235":0,"236":0,"237":0,"238":0,"239":0,"240":0,"241":0,"242":0,"243":0,"244":0,"245":0,"246":0,"247":0,"248":0,"249":0,"250":0,"251":0,"252":0,"253":0,"254":0,"255":0,"256":0,"257":0,"258":0,"259":0,"260":0,"261":0,"262":0,"263":0,"264":0,"265":0,"266":0,"267":0,"268":0,"269":0,"270":1},"f":{"0":8,"1":1,"2":1,"3":1,"4":4,"5":0,"6":7,"7":8,"8":2,"9":0,"10":3,"11":1,"12":4,"13":0,"14":0,"15":0,"16":0,"17":0},"b":{"0":[1,3],"1":[1,2],"2":[1,1],"3":[1,6],"4":[7,1,1],"5":[1,5],"6":[6,2,1],"7":[1,4],"8":[5,1,1,1],"9":[1,3],"10":[4,1,1,1,1,1],"11":[1,2],"12":[3,1,1],"13":[1,1],"14":[2,2],"15":[0,1],"16":[1,0,0],"17":[0,1],"18":[1,0,0],"19":[5,3],"20":[1,2],"21":[1,1],"22":[1,1],"23":[0,0],"24":[0,0],"25":[0,0],"26":[0,0],"27":[2,1],"28":[1,1],"29":[2,2],"30":[1,1],"31":[1,3],"32":[2,1],"33":[0,0],"34":[0,0],"35":[0,0],"36":[0,0],"37":[0,0],"38":[0,0],"39":[0,0],"40":[0,0],"41":[0,0],"42":[0,0],"43":[0,0],"44":[0,0],"45":[0,0]},"_coverageSchema":"1a1c01bbd47fc00a2c39e90264f33305004495a9","hash":"9b844ce4d9163dc1384d4119f27cb24d2953158b"}
,"/home/xunlin/learn/0xunlin/SoB/week-3-task/2026-developer-challenge-3-sherlock-0xunLin/server.js": {"path":"/home/xunlin/learn/0xunlin/SoB/week-3-task/2026-developer-challenge-3-sherlock-0xunLin/server.js","statementMap":{"0":{"start":{"line":1,"column":16},"end":{"line":1,"column":34}},"1":{"start":{"line":2,"column":13},"end":{"line":2,"column":28}},"2":{"start":{"line":3,"column":11},"end":{"line":3,"column":24}},"3":{"start":{"line":4,"column":13},"end":{"line":4,"column":28}},"4":{"start":{"line":5,"column":15},"end":{"line":5,"column":32}},"5":{"start":{"line":6,"column":17},"end":{"line":6,"column":41}},"6":{"start":{"line":8,"column":12},"end":{"line":8,"column":21}},"7":{"start":{"line":11,"column":15},"end":{"line":11,"column":43}},"8":{"start":{"line":14,"column":0},"end":{"line":14,"column":56}},"9":{"start":{"line":17,"column":0},"end":{"line":19,"column":3}},"10":{"start":{"line":18,"column":4},"end":{"line":18,"column":27}},"11":{"start":{"line":22,"column":0},"end":{"line":79,"column":3}},"12":{"start":{"line":27,"column":4},"end":{"line":78,"column":5}},"13":{"start":{"line":28,"column":8},"end":{"line":30,"column":9}},"14":{"start":{"line":29,"column":12},"end":{"line":29,"column":105}},"15":{"start":{"line":32,"column":20},"end":{"line":32,"column":40}},"16":{"start":{"line":33,"column":20},"end":{"line":33,"column":40}},"17":{"start":{"line":34,"column":20},"end":{"line":34,"column":40}},"18":{"start":{"line":38,"column":26},"end":{"line":38,"column":35}},"19":{"start":{"line":39,"column":24},"end":{"line":39,"column":62}},"20":{"start":{"line":40,"column":24},"end":{"line":40,"column":62}},"21":{"start":{"line":41,"column":24},"end":{"line":41,"column":62}},"22":{"start":{"line":43,"column":8},"end":{"line":43,"column":41}},"23":{"start":{"line":44,"column":8},"end":{"line":44,"column":41}},"24":{"start":{"line":45,"column":8},"end":{"line":45,"column":41}},"25":{"start":{"line":47,"column":20},"end":{"line":47,"column":71}},"26":{"start":{"line":49,"column":8},"end":{"line":74,"column":11}},"27":{"start":{"line":51,"column":25},"end":{"line":51,"column":64}},"28":{"start":{"line":54,"column":12},"end":{"line":54,"column":63}},"29":{"start":{"line":54,"column":40},"end":{"line":54,"column":63}},"30":{"start":{"line":55,"column":12},"end":{"line":55,"column":63}},"31":{"start":{"line":55,"column":40},"end":{"line":55,"column":63}},"32":{"start":{"line":56,"column":12},"end":{"line":56,"column":63}},"33":{"start":{"line":56,"column":40},"end":{"line":56,"column":63}},"34":{"start":{"line":58,"column":12},"end":{"line":71,"column":13}},"35":{"start":{"line":59,"column":16},"end":{"line":59,"column":67}},"36":{"start":{"line":60,"column":16},"end":{"line":60,"column":51}},"37":{"start":{"line":61,"column":26},"end":{"line":61,"column":57}},"38":{"start":{"line":62,"column":16},"end":{"line":69,"column":17}},"39":{"start":{"line":63,"column":35},"end":{"line":63,"column":60}},"40":{"start":{"line":64,"column":20},"end":{"line":66,"column":21}},"41":{"start":{"line":65,"column":24},"end":{"line":65,"column":51}},"42":{"start":{"line":68,"column":20},"end":{"line":68,"column":69}},"43":{"start":{"line":68,"column":49},"end":{"line":68,"column":69}},"44":{"start":{"line":70,"column":16},"end":{"line":70,"column":60}},"45":{"start":{"line":73,"column":12},"end":{"line":73,"column":47}},"46":{"start":{"line":76,"column":8},"end":{"line":76,"column":52}},"47":{"start":{"line":77,"column":8},"end":{"line":77,"column":79}},"48":{"start":{"line":82,"column":0},"end":{"line":97,"column":3}},"49":{"start":{"line":83,"column":19},"end":{"line":83,"column":46}},"50":{"start":{"line":84,"column":4},"end":{"line":86,"column":5}},"51":{"start":{"line":85,"column":8},"end":{"line":85,"column":40}},"52":{"start":{"line":88,"column":4},"end":{"line":96,"column":7}},"53":{"start":{"line":89,"column":8},"end":{"line":91,"column":9}},"54":{"start":{"line":90,"column":12},"end":{"line":90,"column":86}},"55":{"start":{"line":93,"column":26},"end":{"line":93,"column":64}},"56":{"start":{"line":93,"column":44},"end":{"line":93,"column":63}},"57":{"start":{"line":94,"column":22},"end":{"line":94,"column":64}},"58":{"start":{"line":94,"column":41},"end":{"line":94,"column":63}},"59":{"start":{"line":95,"column":8},"end":{"line":95,"column":36}},"60":{"start":{"line":100,"column":0},"end":{"line":114,"column":3}},"61":{"start":{"line":101,"column":17},"end":{"line":101,"column":32}},"62":{"start":{"line":102,"column":21},"end":{"line":102,"column":64}},"63":{"start":{"line":104,"column":4},"end":{"line":106,"column":5}},"64":{"start":{"line":105,"column":8},"end":{"line":105,"column":71}},"65":{"start":{"line":108,"column":4},"end":{"line":113,"column":5}},"66":{"start":{"line":109,"column":21},"end":{"line":109,"column":54}},"67":{"start":{"line":110,"column":8},"end":{"line":110,"column":36}},"68":{"start":{"line":112,"column":8},"end":{"line":112,"column":69}},"69":{"start":{"line":116,"column":13},"end":{"line":116,"column":37}},"70":{"start":{"line":117,"column":0},"end":{"line":121,"column":1}},"71":{"start":{"line":118,"column":4},"end":{"line":120,"column":7}},"72":{"start":{"line":119,"column":8},"end":{"line":119,"column":74}},"73":{"start":{"line":123,"column":0},"end":{"line":123,"column":21}}},"fnMap":{"0":{"name":"(anonymous_0)","decl":{"start":{"line":17,"column":23},"end":{"line":17,"column":24}},"loc":{"start":{"line":17,"column":37},"end":{"line":19,"column":1}},"line":17},"1":{"name":"(anonymous_1)","decl":{"start":{"line":26,"column":4},"end":{"line":26,"column":5}},"loc":{"start":{"line":26,"column":18},"end":{"line":79,"column":1}},"line":26},"2":{"name":"(anonymous_2)","decl":{"start":{"line":49,"column":39},"end":{"line":49,"column":40}},"loc":{"start":{"line":49,"column":66},"end":{"line":74,"column":9}},"line":49},"3":{"name":"(anonymous_3)","decl":{"start":{"line":82,"column":23},"end":{"line":82,"column":24}},"loc":{"start":{"line":82,"column":37},"end":{"line":97,"column":1}},"line":82},"4":{"name":"(anonymous_4)","decl":{"start":{"line":88,"column":23},"end":{"line":88,"column":24}},"loc":{"start":{"line":88,"column":39},"end":{"line":96,"column":5}},"line":88},"5":{"name":"(anonymous_5)","decl":{"start":{"line":93,"column":39},"end":{"line":93,"column":40}},"loc":{"start":{"line":93,"column":44},"end":{"line":93,"column":63}},"line":93},"6":{"name":"(anonymous_6)","decl":{"start":{"line":94,"column":36},"end":{"line":94,"column":37}},"loc":{"start":{"line":94,"column":41},"end":{"line":94,"column":63}},"line":94},"7":{"name":"(anonymous_7)","decl":{"start":{"line":100,"column":29},"end":{"line":100,"column":30}},"loc":{"start":{"line":100,"column":43},"end":{"line":114,"column":1}},"line":100},"8":{"name":"(anonymous_8)","decl":{"start":{"line":118,"column":21},"end":{"line":118,"column":22}},"loc":{"start":{"line":118,"column":27},"end":{"line":120,"column":5}},"line":118}},"branchMap":{"0":{"loc":{"start":{"line":28,"column":8},"end":{"line":30,"column":9}},"type":"if","locations":[{"start":{"line":28,"column":8},"end":{"line":30,"column":9}},{"start":{},"end":{}}],"line":28},"1":{"loc":{"start":{"line":28,"column":12},"end":{"line":28,"column":88}},"type":"binary-expr","locations":[{"start":{"line":28,"column":12},"end":{"line":28,"column":22}},{"start":{"line":28,"column":26},"end":{"line":28,"column":44}},{"start":{"line":28,"column":48},"end":{"line":28,"column":66}},{"start":{"line":28,"column":70},"end":{"line":28,"column":88}}],"line":28},"2":{"loc":{"start":{"line":54,"column":12},"end":{"line":54,"column":63}},"type":"if","locations":[{"start":{"line":54,"column":12},"end":{"line":54,"column":63}},{"start":{},"end":{}}],"line":54},"3":{"loc":{"start":{"line":55,"column":12},"end":{"line":55,"column":63}},"type":"if","locations":[{"start":{"line":55,"column":12},"end":{"line":55,"column":63}},{"start":{},"end":{}}],"line":55},"4":{"loc":{"start":{"line":56,"column":12},"end":{"line":56,"column":63}},"type":"if","locations":[{"start":{"line":56,"column":12},"end":{"line":56,"column":63}},{"start":{},"end":{}}],"line":56},"5":{"loc":{"start":{"line":58,"column":12},"end":{"line":71,"column":13}},"type":"if","locations":[{"start":{"line":58,"column":12},"end":{"line":71,"column":13}},{"start":{},"end":{}}],"line":58},"6":{"loc":{"start":{"line":64,"column":20},"end":{"line":66,"column":21}},"type":"if","locations":[{"start":{"line":64,"column":20},"end":{"line":66,"column":21}},{"start":{},"end":{}}],"line":64},"7":{"loc":{"start":{"line":64,"column":24},"end":{"line":64,"column":70}},"type":"binary-expr","locations":[{"start":{"line":64,"column":24},"end":{"line":64,"column":30}},{"start":{"line":64,"column":34},"end":{"line":64,"column":46}},{"start":{"line":64,"column":50},"end":{"line":64,"column":70}}],"line":64},"8":{"loc":{"start":{"line":68,"column":20},"end":{"line":68,"column":69}},"type":"if","locations":[{"start":{"line":68,"column":20},"end":{"line":68,"column":69}},{"start":{},"end":{}}],"line":68},"9":{"loc":{"start":{"line":68,"column":24},"end":{"line":68,"column":47}},"type":"binary-expr","locations":[{"start":{"line":68,"column":24},"end":{"line":68,"column":30}},{"start":{"line":68,"column":34},"end":{"line":68,"column":47}}],"line":68},"10":{"loc":{"start":{"line":84,"column":4},"end":{"line":86,"column":5}},"type":"if","locations":[{"start":{"line":84,"column":4},"end":{"line":86,"column":5}},{"start":{},"end":{}}],"line":84},"11":{"loc":{"start":{"line":89,"column":8},"end":{"line":91,"column":9}},"type":"if","locations":[{"start":{"line":89,"column":8},"end":{"line":91,"column":9}},{"start":{},"end":{}}],"line":89},"12":{"loc":{"start":{"line":104,"column":4},"end":{"line":106,"column":5}},"type":"if","locations":[{"start":{"line":104,"column":4},"end":{"line":106,"column":5}},{"start":{},"end":{}}],"line":104},"13":{"loc":{"start":{"line":116,"column":13},"end":{"line":116,"column":37}},"type":"binary-expr","locations":[{"start":{"line":116,"column":13},"end":{"line":116,"column":29}},{"start":{"line":116,"column":33},"end":{"line":116,"column":37}}],"line":116},"14":{"loc":{"start":{"line":117,"column":0},"end":{"line":121,"column":1}},"type":"if","locations":[{"start":{"line":117,"column":0},"end":{"line":121,"column":1}},{"start":{},"end":{}}],"line":117}},"s":{"0":1,"1":1,"2":1,"3":1,"4":1,"5":1,"6":1,"7":1,"8":1,"9":1,"10":1,"11":1,"12":0,"13":0,"14":0,"15":0,"16":0,"17":0,"18":0,"19":0,"20":0,"21":0,"22":0,"23":0,"24":0,"25":0,"26":0,"27":0,"28":0,"29":0,"30":0,"31":0,"32":0,"33":0,"34":0,"35":0,"36":0,"37":0,"38":0,"39":0,"40":0,"41":0,"42":0,"43":0,"44":0,"45":0,"46":0,"47":0,"48":1,"49":1,"50":1,"51":0,"52":1,"53":1,"54":0,"55":1,"56":0,"57":1,"58":0,"59":1,"60":1,"61":2,"62":2,"63":2,"64":1,"65":1,"66":1,"67":1,"68":0,"69":1,"70":1,"71":0,"72":0,"73":1},"f":{"0":1,"1":0,"2":0,"3":1,"4":1,"5":0,"6":0,"7":2,"8":0},"b":{"0":[0,0],"1":[0,0,0,0],"2":[0,0],"3":[0,0],"4":[0,0],"5":[0,0],"6":[0,0],"7":[0,0,0],"8":[0,0],"9":[0,0],"10":[0,1],"11":[0,1],"12":[1,1],"13":[1,1],"14":[0,1]},"_coverageSchema":"1a1c01bbd47fc00a2c39e90264f33305004495a9","hash":"2b4224f6fc59224eb3dfa12eca6b12c7d5e16844"}
}
