TN:
SF:analyzer.js
FN:1,analyzeBlocks
FN:53,(anonymous_1)
FN:92,(anonymous_2)
FN:92,(anonymous_3)
FN:95,(anonymous_4)
FN:95,(anonymous_5)
FN:107,(anonymous_6)
FN:107,(anonymous_7)
FN:148,(anonymous_8)
FN:167,(anonymous_9)
FN:175,(anonymous_10)
FN:214,(anonymous_11)
FN:236,(anonymous_12)
FN:236,(anonymous_13)
FN:239,(anonymous_14)
FN:305,(anonymous_15)
FN:312,(anonymous_16)
FN:367,computeStats
FN:369,(anonymous_18)
FN:373,(anonymous_19)
FNF:20
FNH:19
FNDA:11,analyzeBlocks
FNDA:16,(anonymous_1)
FNDA:10,(anonymous_2)
FNDA:10,(anonymous_3)
FNDA:16,(anonymous_4)
FNDA:16,(anonymous_5)
FNDA:4,(anonymous_6)
FNDA:4,(anonymous_7)
FNDA:16,(anonymous_8)
FNDA:21,(anonymous_9)
FNDA:2,(anonymous_10)
FNDA:21,(anonymous_11)
FNDA:16,(anonymous_12)
FNDA:16,(anonymous_13)
FNDA:14,(anonymous_14)
FNDA:15,(anonymous_15)
FNDA:20,(anonymous_16)
FNDA:22,computeStats
FNDA:0,(anonymous_18)
FNDA:20,(anonymous_19)
DA:2,11
DA:10,11
DA:12,11
DA:13,11
DA:22,11
DA:24,11
DA:25,11
DA:27,11
DA:28,11
DA:29,11
DA:30,11
DA:31,11
DA:32,11
DA:33,11
DA:34,11
DA:35,11
DA:37,11
DA:38,11
DA:39,11
DA:40,11
DA:41,11
DA:42,11
DA:43,11
DA:44,11
DA:45,11
DA:48,11
DA:49,21
DA:50,21
DA:51,21
DA:53,16
DA:54,11
DA:55,11
DA:56,16
DA:57,16
DA:58,16
DA:59,16
DA:61,11
DA:62,21
DA:63,11
DA:64,11
DA:65,11
DA:66,10
DA:67,10
DA:72,11
DA:73,11
DA:76,11
DA:77,11
DA:78,3
DA:79,3
DA:80,3
DA:81,3
DA:82,3
DA:83,3
DA:85,8
DA:89,11
DA:90,11
DA:91,11
DA:92,10
DA:93,8
DA:94,7
DA:95,16
DA:96,7
DA:97,5
DA:103,5
DA:106,8
DA:107,4
DA:108,2
DA:109,0
DA:115,0
DA:118,8
DA:119,2
DA:125,2
DA:128,11
DA:129,11
DA:132,11
DA:133,11
DA:134,1
DA:135,1
DA:136,1
DA:137,1
DA:138,1
DA:139,1
DA:141,10
DA:145,11
DA:146,11
DA:147,11
DA:148,16
DA:149,11
DA:150,21
DA:151,5
DA:152,5
DA:156,11
DA:157,4
DA:158,4
DA:160,7
DA:164,11
DA:165,11
DA:166,11
DA:167,11
DA:168,21
DA:169,1
DA:170,1
DA:174,11
DA:175,2
DA:176,1
DA:177,1
DA:179,10
DA:183,11
DA:184,11
DA:185,11
DA:186,1
DA:187,1
DA:188,4
DA:191,1
DA:192,1
DA:193,2
DA:197,1
DA:198,1
DA:199,1
DA:206,11
DA:207,11
DA:210,11
DA:211,11
DA:212,11
DA:213,11
DA:214,11
DA:215,21
DA:216,1
DA:220,11
DA:221,1
DA:222,1
DA:229,11
DA:230,11
DA:233,11
DA:234,11
DA:235,11
DA:236,16
DA:237,11
DA:238,10
DA:239,14
DA:240,10
DA:241,10
DA:242,2
DA:243,2
DA:244,8
DA:245,0
DA:246,0
DA:250,11
DA:251,11
DA:254,11
DA:255,11
DA:256,11
DA:257,7
DA:258,7
DA:259,7
DA:260,7
DA:261,7
DA:262,7
DA:263,3
DA:264,3
DA:265,3
DA:266,3
DA:273,11
DA:274,11
DA:276,11
DA:277,10
DA:278,10
DA:282,11
DA:283,11
DA:284,1
DA:285,10
DA:286,10
DA:287,1
DA:288,9
DA:289,0
DA:290,9
DA:291,2
DA:292,7
DA:293,0
DA:294,7
DA:295,5
DA:296,2
DA:297,1
DA:300,11
DA:301,11
DA:302,11
DA:303,11
DA:304,10
DA:305,15
DA:310,0
DA:312,20
DA:318,11
DA:338,11
DA:354,11
DA:355,11
DA:361,11
DA:368,22
DA:369,20
DA:370,20
DA:371,20
DA:372,20
DA:373,20
DA:374,20
DA:382,1
LF:204
LH:197
BRDA:50,0,0,21
BRDA:50,0,1,16
BRDA:51,1,0,21
BRDA:51,1,1,16
BRDA:53,2,0,11
BRDA:53,2,1,0
BRDA:53,3,0,11
BRDA:53,3,1,11
BRDA:58,4,0,16
BRDA:58,4,1,4
BRDA:59,5,0,16
BRDA:59,5,1,4
BRDA:65,6,0,10
BRDA:65,6,1,1
BRDA:76,7,0,11
BRDA:76,7,1,3
BRDA:77,8,0,3
BRDA:77,8,1,8
BRDA:80,9,0,0
BRDA:80,9,1,3
BRDA:81,10,0,2
BRDA:81,10,1,1
BRDA:91,11,0,8
BRDA:91,11,1,3
BRDA:91,12,0,11
BRDA:91,12,1,11
BRDA:92,13,0,10
BRDA:92,13,1,10
BRDA:93,14,0,7
BRDA:93,14,1,1
BRDA:95,15,0,7
BRDA:95,15,1,9
BRDA:96,16,0,5
BRDA:96,16,1,2
BRDA:106,17,0,2
BRDA:106,17,1,6
BRDA:106,18,0,8
BRDA:106,18,1,3
BRDA:107,19,0,4
BRDA:107,19,1,0
BRDA:108,20,0,0
BRDA:108,20,1,2
BRDA:108,21,0,2
BRDA:108,21,1,0
BRDA:118,22,0,2
BRDA:118,22,1,6
BRDA:118,23,0,8
BRDA:118,23,1,3
BRDA:118,23,2,2
BRDA:121,24,0,2
BRDA:121,24,1,0
BRDA:129,25,0,7
BRDA:129,25,1,4
BRDA:132,26,0,11
BRDA:132,26,1,2
BRDA:132,26,2,1
BRDA:133,27,0,1
BRDA:133,27,1,10
BRDA:136,28,0,0
BRDA:136,28,1,1
BRDA:137,29,0,0
BRDA:137,29,1,1
BRDA:147,30,0,11
BRDA:147,30,1,0
BRDA:148,31,0,16
BRDA:148,31,1,0
BRDA:150,32,0,5
BRDA:150,32,1,16
BRDA:156,33,0,4
BRDA:156,33,1,7
BRDA:166,34,0,11
BRDA:166,34,1,0
BRDA:168,35,0,1
BRDA:168,35,1,20
BRDA:168,36,0,21
BRDA:168,36,1,20
BRDA:174,37,0,1
BRDA:174,37,1,10
BRDA:175,38,0,2
BRDA:175,38,1,2
BRDA:176,39,0,1
BRDA:176,39,1,0
BRDA:185,40,0,1
BRDA:185,40,1,10
BRDA:185,41,0,11
BRDA:185,41,1,11
BRDA:185,41,2,1
BRDA:188,42,0,4
BRDA:188,42,1,2
BRDA:193,43,0,2
BRDA:193,43,1,0
BRDA:197,44,0,1
BRDA:197,44,1,0
BRDA:207,45,0,1
BRDA:207,45,1,10
BRDA:212,46,0,11
BRDA:212,46,1,0
BRDA:215,47,0,1
BRDA:215,47,1,20
BRDA:220,48,0,1
BRDA:220,48,1,10
BRDA:230,49,0,1
BRDA:230,49,1,10
BRDA:235,50,0,11
BRDA:235,50,1,0
BRDA:235,51,0,11
BRDA:235,51,1,11
BRDA:236,52,0,16
BRDA:236,52,1,16
BRDA:237,53,0,10
BRDA:237,53,1,1
BRDA:239,54,0,14
BRDA:239,54,1,8
BRDA:241,55,0,2
BRDA:241,55,1,8
BRDA:241,56,0,10
BRDA:241,56,1,3
BRDA:241,56,2,3
BRDA:244,57,0,0
BRDA:244,57,1,8
BRDA:244,58,0,8
BRDA:244,58,1,5
BRDA:244,58,2,1
BRDA:251,59,0,2
BRDA:251,59,1,9
BRDA:256,60,0,7
BRDA:256,60,1,4
BRDA:256,61,0,11
BRDA:256,61,1,11
BRDA:256,61,2,8
BRDA:256,61,3,7
BRDA:262,62,0,3
BRDA:262,62,1,4
BRDA:262,63,0,7
BRDA:262,63,1,6
BRDA:264,64,0,2
BRDA:264,64,1,1
BRDA:268,65,0,2
BRDA:268,65,1,1
BRDA:274,66,0,3
BRDA:274,66,1,8
BRDA:276,67,0,10
BRDA:276,67,1,1
BRDA:283,68,0,1
BRDA:283,68,1,10
BRDA:285,69,0,10
BRDA:285,69,1,0
BRDA:286,70,0,1
BRDA:286,70,1,9
BRDA:288,71,0,0
BRDA:288,71,1,9
BRDA:288,72,0,9
BRDA:288,72,1,0
BRDA:290,73,0,2
BRDA:290,73,1,7
BRDA:292,74,0,0
BRDA:292,74,1,7
BRDA:294,75,0,5
BRDA:294,75,1,2
BRDA:294,76,0,7
BRDA:294,76,1,5
BRDA:296,77,0,1
BRDA:296,77,1,1
BRDA:296,78,0,2
BRDA:296,78,1,1
BRDA:302,79,0,11
BRDA:302,79,1,10
BRDA:302,79,2,7
BRDA:303,80,0,10
BRDA:303,80,1,1
BRDA:304,81,0,10
BRDA:304,81,1,0
BRDA:306,82,0,15
BRDA:306,82,1,0
BRDA:307,83,0,15
BRDA:307,83,1,0
BRDA:368,84,0,2
BRDA:368,84,1,20
BRDA:372,85,0,0
BRDA:372,85,1,20
BRF:180
BRH:155
end_of_record
TN:
SF:parser.js
FN:5,(anonymous_0)
FN:9,(anonymous_1)
FN:14,(anonymous_2)
FN:19,(anonymous_3)
FN:24,(anonymous_4)
FN:43,xorDecode
FN:52,classifyScript
FN:64,writeVarInt
FN:71,computeTxMeta
FN:115,readTx
FN:193,getBip34Height
FN:209,readB128VarInt
FN:222,decompressAmount
FN:238,parseCompressedTxOut
FN:259,parseUndoRecord
FN:273,parseBlocksWithUndo
FN:287,(anonymous_16)
FN:317,(anonymous_17)
FNF:18
FNH:11
FNDA:8,(anonymous_0)
FNDA:1,(anonymous_1)
FNDA:1,(anonymous_2)
FNDA:1,(anonymous_3)
FNDA:4,(anonymous_4)
FNDA:0,xorDecode
FNDA:7,classifyScript
FNDA:8,writeVarInt
FNDA:2,computeTxMeta
FNDA:0,readTx
FNDA:3,getBip34Height
FNDA:1,readB128VarInt
FNDA:4,decompressAmount
FNDA:0,parseCompressedTxOut
FNDA:0,parseUndoRecord
FNDA:0,parseBlocksWithUndo
FNDA:0,(anonymous_16)
FNDA:0,(anonymous_17)
DA:1,1
DA:2,1
DA:6,8
DA:7,8
DA:10,1
DA:11,1
DA:12,1
DA:15,1
DA:16,1
DA:17,1
DA:20,1
DA:21,1
DA:22,1
DA:25,4
DA:26,4
DA:27,3
DA:28,1
DA:29,1
DA:30,1
DA:32,2
DA:33,1
DA:34,1
DA:35,1
DA:37,1
DA:38,1
DA:39,1
DA:44,0
DA:45,0
DA:46,0
DA:47,0
DA:49,0
DA:53,7
DA:54,6
DA:55,5
DA:56,4
DA:57,3
DA:58,2
DA:59,1
DA:60,1
DA:61,1
DA:65,8
DA:66,3
DA:67,2
DA:68,1
DA:72,2
DA:73,2
DA:74,2
DA:75,1
DA:76,1
DA:77,1
DA:78,1
DA:80,1
DA:81,1
DA:82,1
DA:83,1
DA:84,1
DA:85,1
DA:86,1
DA:87,1
DA:88,1
DA:89,1
DA:90,1
DA:91,1
DA:92,1
DA:94,1
DA:95,1
DA:96,1
DA:97,1
DA:98,1
DA:99,1
DA:101,1
DA:102,1
DA:103,1
DA:104,1
DA:105,1
DA:106,1
DA:107,1
DA:109,2
DA:110,2
DA:111,2
DA:112,2
DA:116,0
DA:117,0
DA:118,0
DA:120,0
DA:121,0
DA:122,0
DA:123,0
DA:124,0
DA:125,0
DA:126,0
DA:127,0
DA:130,0
DA:131,0
DA:132,0
DA:133,0
DA:134,0
DA:135,0
DA:136,0
DA:137,0
DA:138,0
DA:139,0
DA:140,0
DA:141,0
DA:143,0
DA:145,0
DA:147,0
DA:148,0
DA:149,0
DA:150,0
DA:151,0
DA:152,0
DA:153,0
DA:154,0
DA:156,0
DA:158,0
DA:159,0
DA:160,0
DA:161,0
DA:162,0
DA:163,0
DA:164,0
DA:165,0
DA:168,0
DA:170,0
DA:171,0
DA:172,0
DA:174,0
DA:176,0
DA:194,3
DA:195,2
DA:196,2
DA:197,1
DA:198,1
DA:199,3
DA:201,1
DA:204,2
DA:210,1
DA:211,1
DA:212,2
DA:213,2
DA:214,2
DA:215,1
DA:217,1
DA:223,4
DA:224,3
DA:225,3
DA:226,3
DA:228,3
DA:229,2
DA:230,2
DA:231,2
DA:233,1
DA:235,3
DA:239,0
DA:240,0
DA:241,0
DA:242,0
DA:243,0
DA:244,0
DA:245,0
DA:246,0
DA:247,0
DA:248,0
DA:249,0
DA:250,0
DA:252,0
DA:253,0
DA:254,0
DA:256,0
DA:260,0
DA:261,0
DA:262,0
DA:263,0
DA:264,0
DA:265,0
DA:266,0
DA:268,0
DA:270,0
DA:274,0
DA:275,0
DA:278,0
DA:279,0
DA:280,0
DA:281,0
DA:282,0
DA:283,0
DA:284,0
DA:285,0
DA:287,0
DA:288,0
DA:289,0
DA:291,0
DA:294,0
DA:295,0
DA:296,0
DA:297,0
DA:298,0
DA:299,0
DA:300,0
DA:301,0
DA:302,0
DA:306,0
DA:307,0
DA:308,0
DA:310,0
DA:311,0
DA:312,0
DA:313,0
DA:317,0
DA:318,0
DA:319,0
DA:320,0
DA:321,0
DA:322,0
DA:326,0
DA:327,0
DA:328,0
DA:329,0
DA:330,0
DA:335,0
DA:337,0
DA:340,0
DA:343,0
DA:346,1
LF:225
LH:102
BRDA:26,0,0,1
BRDA:26,0,1,3
BRDA:27,1,0,1
BRDA:27,1,1,2
BRDA:32,2,0,1
BRDA:32,2,1,1
BRDA:53,3,0,1
BRDA:53,3,1,6
BRDA:53,4,0,7
BRDA:53,4,1,1
BRDA:53,4,2,1
BRDA:54,5,0,1
BRDA:54,5,1,5
BRDA:54,6,0,6
BRDA:54,6,1,2
BRDA:54,6,2,1
BRDA:55,7,0,1
BRDA:55,7,1,4
BRDA:55,8,0,5
BRDA:55,8,1,1
BRDA:55,8,2,1
BRDA:55,8,3,1
BRDA:56,9,0,1
BRDA:56,9,1,3
BRDA:56,10,0,4
BRDA:56,10,1,1
BRDA:56,10,2,1
BRDA:56,10,3,1
BRDA:56,10,4,1
BRDA:56,10,5,1
BRDA:57,11,0,1
BRDA:57,11,1,2
BRDA:57,12,0,3
BRDA:57,12,1,1
BRDA:57,12,2,1
BRDA:58,13,0,1
BRDA:58,13,1,1
BRDA:58,14,0,2
BRDA:58,14,1,2
BRDA:59,15,0,0
BRDA:59,15,1,1
BRDA:59,16,0,1
BRDA:59,16,1,0
BRDA:59,16,2,0
BRDA:60,17,0,0
BRDA:60,17,1,1
BRDA:60,18,0,1
BRDA:60,18,1,0
BRDA:60,18,2,0
BRDA:65,19,0,5
BRDA:65,19,1,3
BRDA:66,20,0,1
BRDA:66,20,1,2
BRDA:67,21,0,1
BRDA:67,21,1,1
BRDA:74,22,0,1
BRDA:74,22,1,1
BRDA:124,23,0,0
BRDA:124,23,1,0
BRDA:124,24,0,0
BRDA:124,24,1,0
BRDA:140,25,0,0
BRDA:140,25,1,0
BRDA:159,26,0,0
BRDA:159,26,1,0
BRDA:194,27,0,2
BRDA:194,27,1,1
BRDA:196,28,0,1
BRDA:196,28,1,1
BRDA:196,29,0,2
BRDA:196,29,1,2
BRDA:214,30,0,1
BRDA:214,30,1,1
BRDA:223,31,0,1
BRDA:223,31,1,3
BRDA:228,32,0,2
BRDA:228,32,1,1
BRDA:241,33,0,0
BRDA:241,33,1,0
BRDA:245,34,0,0
BRDA:245,34,1,0
BRDA:247,35,0,0
BRDA:247,35,1,0
BRDA:249,36,0,0
BRDA:249,36,1,0
BRDA:249,37,0,0
BRDA:249,37,1,0
BRDA:282,38,0,0
BRDA:282,38,1,0
BRDA:288,39,0,0
BRDA:288,39,1,0
BRDA:298,40,0,0
BRDA:298,40,1,0
BRDA:319,41,0,0
BRDA:319,41,1,0
BRDA:319,42,0,0
BRDA:319,42,1,0
BRDA:321,43,0,0
BRDA:321,43,1,0
BRDA:326,44,0,0
BRDA:326,44,1,0
BRDA:335,45,0,0
BRDA:335,45,1,0
BRF:103
BRH:63
end_of_record
TN:
SF:server.js
FN:17,(anonymous_0)
FN:26,(anonymous_1)
FN:49,(anonymous_2)
FN:82,(anonymous_3)
FN:88,(anonymous_4)
FN:93,(anonymous_5)
FN:94,(anonymous_6)
FN:100,(anonymous_7)
FN:118,(anonymous_8)
FNF:9
FNH:4
FNDA:1,(anonymous_0)
FNDA:0,(anonymous_1)
FNDA:0,(anonymous_2)
FNDA:1,(anonymous_3)
FNDA:1,(anonymous_4)
FNDA:0,(anonymous_5)
FNDA:0,(anonymous_6)
FNDA:2,(anonymous_7)
FNDA:0,(anonymous_8)
DA:1,1
DA:2,1
DA:3,1
DA:4,1
DA:5,1
DA:6,1
DA:8,1
DA:11,1
DA:14,1
DA:17,1
DA:18,1
DA:22,1
DA:27,0
DA:28,0
DA:29,0
DA:32,0
DA:33,0
DA:34,0
DA:38,0
DA:39,0
DA:40,0
DA:41,0
DA:43,0
DA:44,0
DA:45,0
DA:47,0
DA:49,0
DA:51,0
DA:54,0
DA:55,0
DA:56,0
DA:58,0
DA:59,0
DA:60,0
DA:61,0
DA:62,0
DA:63,0
DA:64,0
DA:65,0
DA:68,0
DA:70,0
DA:73,0
DA:76,0
DA:77,0
DA:82,1
DA:83,1
DA:84,1
DA:85,0
DA:88,1
DA:89,1
DA:90,0
DA:93,1
DA:94,1
DA:95,1
DA:100,1
DA:101,2
DA:102,2
DA:104,2
DA:105,1
DA:108,1
DA:109,1
DA:110,1
DA:112,0
DA:116,1
DA:117,1
DA:118,0
DA:119,0
DA:123,1
LF:68
LH:31
BRDA:28,0,0,0
BRDA:28,0,1,0
BRDA:28,1,0,0
BRDA:28,1,1,0
BRDA:28,1,2,0
BRDA:28,1,3,0
BRDA:54,2,0,0
BRDA:54,2,1,0
BRDA:55,3,0,0
BRDA:55,3,1,0
BRDA:56,4,0,0
BRDA:56,4,1,0
BRDA:58,5,0,0
BRDA:58,5,1,0
BRDA:64,6,0,0
BRDA:64,6,1,0
BRDA:64,7,0,0
BRDA:64,7,1,0
BRDA:64,7,2,0
BRDA:68,8,0,0
BRDA:68,8,1,0
BRDA:68,9,0,0
BRDA:68,9,1,0
BRDA:84,10,0,0
BRDA:84,10,1,1
BRDA:89,11,0,0
BRDA:89,11,1,1
BRDA:104,12,0,1
BRDA:104,12,1,1
BRDA:116,13,0,1
BRDA:116,13,1,1
BRDA:117,14,0,0
BRDA:117,14,1,1
BRF:33
BRH:7
end_of_record
